\BOOKMARK [0][-]{chapter.1}{\376\377\000I\000n\000t\000r\000o\000d\000u\000c\000c\000i\000\363\000n}{}% 1
\BOOKMARK [1][-]{section.1.1}{\376\377\000C\000o\000n\000t\000e\000x\000t\000o\000\040\000y\000\040\000m\000o\000t\000i\000v\000a\000c\000i\000\363\000n}{chapter.1}% 2
\BOOKMARK [1][-]{section.1.2}{\376\377\000P\000r\000o\000b\000l\000e\000m\000\341\000t\000i\000c\000a\000\040\000a\000c\000t\000u\000a\000l\000:\000\040\000L\000i\000m\000i\000t\000a\000c\000i\000o\000n\000e\000s\000\040\000d\000e\000\040\000l\000o\000s\000\040\000I\000V\000R\000\040\000t\000r\000a\000d\000i\000c\000i\000o\000n\000a\000l\000e\000s\000\040\000\050\000"\000P\000u\000l\000s\000e\000\040\0001\000.\000.\000.\000"\000\051\000\040\000y\000\040\000c\000h\000a\000t\000b\000o\000t\000s\000\040\000d\000e\000\040\000t\000e\000x\000t\000o}{chapter.1}% 3
\BOOKMARK [1][-]{section.1.3}{\376\377\000O\000b\000j\000e\000t\000i\000v\000o\000s\000\040\000d\000e\000l\000\040\000p\000r\000o\000y\000e\000c\000t\000o}{chapter.1}% 4
\BOOKMARK [2][-]{subsection.1.3.1}{\376\377\000O\000b\000j\000e\000t\000i\000v\000o\000\040\000g\000e\000n\000e\000r\000a\000l}{section.1.3}% 5
\BOOKMARK [2][-]{subsection.1.3.2}{\376\377\000O\000b\000j\000e\000t\000i\000v\000o\000s\000\040\000e\000s\000p\000e\000c\000\355\000f\000i\000c\000o\000s\000\040\000\050\000t\000\351\000c\000n\000i\000c\000o\000s\000\040\000y\000\040\000f\000u\000n\000c\000i\000o\000n\000a\000l\000e\000s\000\051}{section.1.3}% 6
\BOOKMARK [1][-]{section.1.4}{\376\377\000A\000l\000c\000a\000n\000c\000e\000\040\000d\000e\000l\000\040\000p\000r\000o\000y\000e\000c\000t\000o\000\040\000\050\000C\000a\000s\000o\000\040\000d\000e\000\040\000u\000s\000o\000:\000\040\000R\000e\000s\000t\000a\000u\000r\000a\000n\000t\000e\000\051}{chapter.1}% 7
\BOOKMARK [1][-]{section.1.5}{\376\377\000E\000s\000t\000r\000u\000c\000t\000u\000r\000a\000\040\000d\000e\000l\000\040\000d\000o\000c\000u\000m\000e\000n\000t\000o}{chapter.1}% 8
\BOOKMARK [0][-]{chapter.2}{\376\377\000E\000s\000t\000a\000d\000o\000\040\000d\000e\000l\000\040\000a\000r\000t\000e\000\040\000y\000\040\000m\000a\000r\000c\000o\000\040\000t\000e\000\363\000r\000i\000c\000o}{}% 9
\BOOKMARK [1][-]{section.2.1}{\376\377\000E\000v\000o\000l\000u\000c\000i\000\363\000n\000\040\000d\000e\000\040\000l\000o\000s\000\040\000A\000s\000i\000s\000t\000e\000n\000t\000e\000s\000\040\000C\000o\000n\000v\000e\000r\000s\000a\000c\000i\000o\000n\000a\000l\000e\000s}{chapter.2}% 10
\BOOKMARK [1][-]{section.2.2}{\376\377\000T\000e\000c\000n\000o\000l\000o\000g\000\355\000a\000s\000\040\000d\000e\000\040\000V\000o\000z}{chapter.2}% 11
\BOOKMARK [2][-]{subsection.2.2.1}{\376\377\000R\000e\000c\000o\000n\000o\000c\000i\000m\000i\000e\000n\000t\000o\000\040\000A\000u\000t\000o\000m\000\341\000t\000i\000c\000o\000\040\000d\000e\000l\000\040\000H\000a\000b\000l\000a\000\040\000\050\000A\000S\000R\000/\000S\000T\000T\000\051}{section.2.2}% 12
\BOOKMARK [2][-]{subsection.2.2.2}{\376\377\000S\000\355\000n\000t\000e\000s\000i\000s\000\040\000d\000e\000\040\000V\000o\000z\000\040\000N\000e\000u\000r\000o\000n\000a\000l\000\040\000\050\000T\000T\000S\000\051}{section.2.2}% 13
\BOOKMARK [1][-]{section.2.3}{\376\377\000G\000r\000a\000n\000d\000e\000s\000\040\000m\000o\000d\000e\000l\000o\000s\000\040\000d\000e\000\040\000l\000e\000n\000g\000u\000a\000j\000e\000\040\000\050\000L\000L\000M\000s\000\051}{chapter.2}% 14
\BOOKMARK [2][-]{subsection.2.3.1}{\376\377\000A\000r\000q\000u\000i\000t\000e\000c\000t\000u\000r\000a\000\040\000T\000r\000a\000n\000s\000f\000o\000r\000m\000e\000r\000\040\000y\000\040\000g\000e\000n\000e\000r\000a\000c\000i\000\363\000n\000\040\000d\000e\000\040\000t\000e\000x\000t\000o}{section.2.3}% 15
\BOOKMARK [2][-]{subsection.2.3.2}{\376\377\000P\000r\000o\000m\000p\000t\000\040\000E\000n\000g\000i\000n\000e\000e\000r\000i\000n\000g\000\040\000y\000\040\000V\000e\000n\000t\000a\000n\000a\000\040\000d\000e\000\040\000c\000o\000n\000t\000e\000x\000t\000o}{section.2.3}% 16
\BOOKMARK [2][-]{subsection.2.3.3}{\376\377\000E\000x\000t\000r\000a\000c\000c\000i\000\363\000n\000\040\000e\000s\000t\000r\000u\000c\000t\000u\000r\000a\000d\000a\000\040\000d\000e\000\040\000d\000a\000t\000o\000s\000\040\000c\000o\000n\000\040\000L\000L\000M\000s}{section.2.3}% 17
\BOOKMARK [1][-]{section.2.4}{\376\377\000E\000j\000e\000c\000u\000c\000i\000\363\000n\000\040\000l\000o\000c\000a\000l\000\040\000v\000s\000.\000\040\000s\000e\000r\000v\000i\000c\000i\000o\000s\000\040\000e\000n\000\040\000l\000a\000\040\000n\000u\000b\000e}{chapter.2}% 18
\BOOKMARK [1][-]{section.2.5}{\376\377\000T\000e\000l\000e\000f\000o\000n\000\355\000a\000\040\000I\000P\000\040\000y\000\040\000c\000o\000m\000u\000n\000i\000c\000a\000c\000i\000\363\000n\000\040\000e\000n\000\040\000t\000i\000e\000m\000p\000o\000\040\000r\000e\000a\000l}{chapter.2}% 19
\BOOKMARK [2][-]{subsection.2.5.1}{\376\377\000C\000o\000n\000c\000e\000p\000t\000o\000s\000\040\000b\000\341\000s\000i\000c\000o\000s\000:\000\040\000p\000r\000o\000t\000o\000c\000o\000l\000o\000s\000\040\000y\000\040\000c\000o\000d\000i\000f\000i\000c\000a\000c\000i\000\363\000n\000\040\000d\000e\000\040\000a\000u\000d\000i\000o}{section.2.5}% 20
\BOOKMARK [2][-]{subsection.2.5.2}{\376\377\000I\000n\000t\000e\000g\000r\000a\000c\000i\000\363\000n\000\040\000d\000e\000\040\000t\000e\000l\000e\000f\000o\000n\000\355\000a\000\040\000c\000o\000n\000\040\000l\000a\000\040\000w\000e\000b\000\040\000\050\000W\000e\000b\000h\000o\000o\000k\000s\000,\000\040\000W\000e\000b\000S\000o\000c\000k\000e\000t\000s\000\040\000y\000\040\000M\000e\000d\000i\000a\000\040\000S\000t\000r\000e\000a\000m\000s\000\051}{section.2.5}% 21
\BOOKMARK [1][-]{section.2.6}{\376\377\000C\000o\000n\000c\000u\000r\000r\000e\000n\000c\000i\000a\000\040\000y\000\040\000p\000r\000o\000g\000r\000a\000m\000a\000c\000i\000\363\000n\000\040\000m\000u\000l\000t\000i\000-\000h\000i\000l\000o\000\040\000e\000n\000\040\000P\000y\000t\000h\000o\000n}{chapter.2}% 22
\BOOKMARK [0][-]{chapter.3}{\376\377\000A\000n\000\341\000l\000i\000s\000i\000s\000\040\000d\000e\000l\000\040\000s\000i\000s\000t\000e\000m\000a}{}% 23
\BOOKMARK [1][-]{section.3.1}{\376\377\000D\000e\000f\000i\000n\000i\000c\000i\000\363\000n\000\040\000d\000e\000l\000\040\000p\000r\000o\000b\000l\000e\000m\000a\000\040\000y\000\040\000r\000e\000q\000u\000i\000s\000i\000t\000o\000s\000\040\000d\000e\000\040\000u\000s\000u\000a\000r\000i\000o}{chapter.3}% 24
\BOOKMARK [1][-]{section.3.2}{\376\377\000R\000e\000q\000u\000i\000s\000i\000t\000o\000s\000\040\000F\000u\000n\000c\000i\000o\000n\000a\000l\000e\000s}{chapter.3}% 25
\BOOKMARK [2][-]{subsection.3.2.1}{\376\377\000G\000e\000s\000t\000i\000\363\000n\000\040\000d\000e\000\040\000l\000a\000\040\000c\000o\000n\000v\000e\000r\000s\000a\000c\000i\000\363\000n\000\040\000\050\000i\000n\000t\000e\000n\000c\000i\000\363\000n\000,\000\040\000c\000o\000n\000t\000e\000x\000t\000o\000\051}{section.3.2}% 26
\BOOKMARK [2][-]{subsection.3.2.2}{\376\377\000O\000p\000e\000r\000a\000c\000i\000o\000n\000e\000s\000\040\000d\000e\000\040\000n\000e\000g\000o\000c\000i\000o\000\040\000\050\000C\000o\000n\000s\000u\000l\000t\000a\000r\000\040\000d\000i\000s\000p\000o\000n\000i\000b\000i\000l\000i\000d\000a\000d\000,\000\040\000r\000e\000s\000e\000r\000v\000a\000r\000,\000\040\000m\000o\000d\000i\000f\000i\000c\000a\000r\000,\000\040\000c\000a\000n\000c\000e\000l\000a\000r\000\051}{section.3.2}% 27
\BOOKMARK [2][-]{subsection.3.2.3}{\376\377\000C\000o\000n\000f\000i\000r\000m\000a\000c\000i\000\363\000n\000\040\000d\000e\000\040\000r\000e\000s\000e\000r\000v\000a\000\040\000p\000o\000r\000\040\000S\000M\000S\000\040\000\050\000d\000o\000b\000l\000e\000\040\000f\000a\000c\000t\000o\000r\000\051}{section.3.2}% 28
\BOOKMARK [2][-]{subsection.3.2.4}{\376\377\000G\000e\000s\000t\000i\000\363\000n\000\040\000d\000e\000\040\000l\000a\000\040\000l\000l\000a\000m\000a\000d\000a\000\040\000\050\000T\000r\000a\000n\000s\000f\000e\000r\000e\000n\000c\000i\000a\000\040\000a\000\040\000h\000u\000m\000a\000n\000o\000,\000\040\000f\000i\000n\000a\000l\000i\000z\000a\000c\000i\000\363\000n\000\051}{section.3.2}% 29
\BOOKMARK [1][-]{section.3.3}{\376\377\000R\000e\000q\000u\000i\000s\000i\000t\000o\000s\000\040\000N\000o\000\040\000F\000u\000n\000c\000i\000o\000n\000a\000l\000e\000s}{chapter.3}% 30
\BOOKMARK [2][-]{subsection.3.3.1}{\376\377\000L\000a\000t\000e\000n\000c\000i\000a\000\040\000y\000\040\000t\000i\000e\000m\000p\000o\000\040\000d\000e\000\040\000r\000e\000s\000p\000u\000e\000s\000t\000a\000\040\000\050\000C\000r\000\355\000t\000i\000c\000o\000\040\000p\000a\000r\000a\000\040\000l\000a\000\040\000n\000a\000t\000u\000r\000a\000l\000i\000d\000a\000d\000\051}{section.3.3}% 31
\BOOKMARK [2][-]{subsection.3.3.2}{\376\377\000C\000o\000n\000c\000u\000r\000r\000e\000n\000c\000i\000a\000\040\000y\000\040\000e\000s\000c\000a\000l\000a\000b\000i\000l\000i\000d\000a\000d}{section.3.3}% 32
\BOOKMARK [2][-]{subsection.3.3.3}{\376\377\000S\000e\000g\000u\000r\000i\000d\000a\000d\000\040\000y\000\040\000p\000r\000i\000v\000a\000c\000i\000d\000a\000d\000\040\000d\000e\000\040\000l\000o\000s\000\040\000d\000a\000t\000o\000s}{section.3.3}% 33
\BOOKMARK [1][-]{section.3.4}{\376\377\000D\000i\000a\000g\000r\000a\000m\000a\000\040\000d\000e\000\040\000C\000a\000s\000o\000s\000\040\000d\000e\000\040\000U\000s\000o}{chapter.3}% 34
\BOOKMARK [0][-]{chapter.4}{\376\377\000D\000i\000s\000e\000\361\000o\000\040\000d\000e\000\040\000l\000a\000\040\000a\000r\000q\000u\000i\000t\000e\000c\000t\000u\000r\000a}{}% 35
\BOOKMARK [1][-]{section.4.1}{\376\377\000V\000i\000s\000i\000\363\000n\000\040\000g\000e\000n\000e\000r\000a\000l\000\040\000d\000e\000\040\000l\000a\000\040\000a\000r\000q\000u\000i\000t\000e\000c\000t\000u\000r\000a\000\040\000\050\000D\000i\000a\000g\000r\000a\000m\000a\000\040\000d\000e\000\040\000b\000l\000o\000q\000u\000e\000s\000\051}{chapter.4}% 36
\BOOKMARK [1][-]{section.4.2}{\376\377\000A\000r\000q\000u\000i\000t\000e\000c\000t\000u\000r\000a\000\040\000m\000o\000d\000u\000l\000a\000r\000\040\000d\000e\000l\000\040\000p\000r\000o\000y\000e\000c\000t\000o}{chapter.4}% 37
\BOOKMARK [2][-]{subsection.4.2.1}{\376\377\000N\000\372\000c\000l\000e\000o\000\040\000f\000u\000n\000c\000i\000o\000n\000a\000l\000\040\000c\000o\000m\000p\000a\000r\000t\000i\000d\000o\000\040\000\050\000N\000u\000c\000l\000e\000o\000A\000l\000c\000h\000i\000\051}{section.4.2}% 38
\BOOKMARK [2][-]{subsection.4.2.2}{\376\377\000S\000e\000r\000v\000i\000d\000o\000r\000\040\000d\000e\000\040\000c\000e\000n\000t\000r\000a\000l\000i\000t\000a\000\040\000s\000i\000m\000u\000l\000a\000d\000a\000\040\000\050\000S\000e\000r\000v\000i\000d\000o\000r\000C\000e\000n\000t\000r\000a\000l\000i\000t\000a\000\051}{section.4.2}% 39
\BOOKMARK [2][-]{subsection.4.2.3}{\376\377\000S\000e\000r\000v\000i\000d\000o\000r\000\040\000d\000e\000\040\000t\000e\000l\000e\000f\000o\000n\000\355\000a\000\040\000r\000e\000a\000l\000\040\000\050\000S\000e\000r\000v\000i\000d\000o\000r\000T\000e\000l\000e\000f\000o\000n\000\355\000a\000\051}{section.4.2}% 40
\BOOKMARK [1][-]{section.4.3}{\376\377\000C\000o\000m\000p\000o\000n\000e\000n\000t\000e\000s\000\040\000d\000e\000l\000\040\000s\000i\000s\000t\000e\000m\000a}{chapter.4}% 41
\BOOKMARK [2][-]{subsection.4.3.1}{\376\377\000P\000r\000o\000v\000e\000e\000d\000o\000r\000\040\000d\000e\000\040\000T\000e\000l\000e\000f\000o\000n\000\355\000a\000\040\000y\000\040\000P\000a\000s\000a\000r\000e\000l\000a\000\040\000d\000e\000\040\000M\000e\000d\000i\000o\000s}{section.4.3}% 42
\BOOKMARK [2][-]{subsection.4.3.2}{\376\377\000O\000r\000q\000u\000e\000s\000t\000a\000d\000o\000r\000\040\000d\000e\000\040\000l\000a\000\040\000C\000o\000n\000v\000e\000r\000s\000a\000c\000i\000\363\000n\000\040\000\050\000B\000a\000c\000k\000e\000n\000d\000\051}{section.4.3}% 43
\BOOKMARK [2][-]{subsection.4.3.3}{\376\377\000S\000e\000r\000v\000i\000c\000i\000o\000s\000\040\000d\000e\000\040\000I\000A\000\040\000\050\000P\000i\000p\000e\000l\000i\000n\000e\000\040\000S\000T\000T\000\040\000-\000>\000L\000L\000M\000\040\000-\000>\000T\000T\000S\000\051}{section.4.3}% 44
\BOOKMARK [1][-]{section.4.4}{\376\377\000M\000o\000d\000e\000l\000o\000\040\000d\000e\000\040\000h\000i\000l\000o\000s\000\040\000y\000\040\000c\000o\000n\000c\000u\000r\000r\000e\000n\000c\000i\000a}{chapter.4}% 45
\BOOKMARK [1][-]{section.4.5}{\376\377\000D\000i\000s\000e\000\361\000o\000\040\000d\000e\000l\000\040\000M\000o\000d\000e\000l\000o\000\040\000d\000e\000\040\000D\000a\000t\000o\000s\000\040\000\050\000D\000i\000a\000g\000r\000a\000m\000a\000\040\000E\000n\000t\000i\000d\000a\000d\000-\000R\000e\000l\000a\000c\000i\000\363\000n\000\051}{chapter.4}% 46
\BOOKMARK [2][-]{subsection.4.5.1}{\376\377\000E\000n\000t\000i\000d\000a\000d\000e\000s\000:\000\040\000R\000e\000s\000e\000r\000v\000a\000s\000,\000\040\000M\000e\000s\000a\000s\000\040\000y\000\040\000A\000s\000i\000g\000n\000a\000c\000i\000\363\000n\000\040\000d\000e\000\040\000m\000e\000s\000a\000s}{section.4.5}% 47
\BOOKMARK [1][-]{section.4.6}{\376\377\000D\000i\000s\000e\000\361\000o\000\040\000d\000e\000\040\000l\000a\000\040\000A\000P\000I\000\040\000y\000\040\000C\000o\000n\000t\000r\000a\000t\000o\000s\000\040\000d\000e\000\040\000I\000n\000t\000e\000r\000f\000a\000z}{chapter.4}% 48
\BOOKMARK [1][-]{section.4.7}{\376\377\000D\000i\000s\000e\000\361\000o\000\040\000d\000e\000l\000\040\000F\000l\000u\000j\000o\000\040\000C\000o\000n\000v\000e\000r\000s\000a\000c\000i\000o\000n\000a\000l\000\040\000y\000\040\000M\000\341\000q\000u\000i\000n\000a\000\040\000d\000e\000\040\000E\000s\000t\000a\000d\000o\000s}{chapter.4}% 49
\BOOKMARK [0][-]{chapter.5}{\376\377\000T\000e\000c\000n\000o\000l\000o\000g\000\355\000a\000s\000\040\000y\000\040\000H\000e\000r\000r\000a\000m\000i\000e\000n\000t\000a\000s}{}% 50
\BOOKMARK [1][-]{section.5.1}{\376\377\000S\000e\000l\000e\000c\000c\000i\000\363\000n\000\040\000d\000e\000l\000\040\000S\000t\000a\000c\000k\000\040\000T\000e\000c\000n\000o\000l\000\363\000g\000i\000c\000o}{chapter.5}% 51
\BOOKMARK [2][-]{subsection.5.1.1}{\376\377\000L\000e\000n\000g\000u\000a\000j\000e\000\040\000y\000\040\000f\000r\000a\000m\000e\000w\000o\000r\000k\000s\000\040\000\050\000P\000y\000t\000h\000o\000n\000,\000\040\000F\000a\000s\000t\000A\000P\000I\000,\000\040\000h\000t\000t\000p\000.\000s\000e\000r\000v\000e\000r\000\051}{section.5.1}% 52
\BOOKMARK [2][-]{subsection.5.1.2}{\376\377\000B\000a\000s\000e\000\040\000d\000e\000\040\000D\000a\000t\000o\000s\000\040\000\050\000S\000Q\000L\000i\000t\000e\000\051}{section.5.1}% 53
\BOOKMARK [2][-]{subsection.5.1.3}{\376\377\000P\000r\000o\000v\000e\000e\000d\000o\000r\000\040\000d\000e\000\040\000T\000e\000l\000e\000f\000o\000n\000\355\000a\000\040\000y\000\040\000S\000M\000S\000\040\000\050\000T\000w\000i\000l\000i\000o\000\051}{section.5.1}% 54
\BOOKMARK [2][-]{subsection.5.1.4}{\376\377\000P\000l\000a\000t\000a\000f\000o\000r\000m\000a\000\040\000d\000e\000\040\000I\000A\000:\000\040\000G\000o\000o\000g\000l\000e\000\040\000C\000l\000o\000u\000d\000\040\000\050\000V\000e\000r\000t\000e\000x\000\040\000A\000I\000,\000\040\000S\000p\000e\000e\000c\000h\000,\000\040\000T\000T\000S\000\051}{section.5.1}% 55
\BOOKMARK [2][-]{subsection.5.1.5}{\376\377\000P\000r\000o\000c\000e\000s\000a\000m\000i\000e\000n\000t\000o\000\040\000d\000e\000\040\000d\000o\000c\000u\000m\000e\000n\000t\000o\000s\000\040\000\050\000M\000a\000r\000k\000e\000r\000\051}{section.5.1}% 56
\BOOKMARK [2][-]{subsection.5.1.6}{\376\377\000E\000x\000p\000o\000s\000i\000c\000i\000\363\000n\000\040\000p\000\372\000b\000l\000i\000c\000a\000\040\000d\000e\000l\000\040\000s\000e\000r\000v\000i\000d\000o\000r\000\040\000l\000o\000c\000a\000l\000\040\000\050\000n\000g\000r\000o\000k\000\051}{section.5.1}% 57
\BOOKMARK [1][-]{section.5.2}{\376\377\000E\000v\000o\000l\000u\000c\000i\000\363\000n\000\040\000t\000e\000c\000n\000o\000l\000\363\000g\000i\000c\000a\000:\000\040\000d\000e\000\040\000L\000M\000\040\000S\000t\000u\000d\000i\000o\000\040\000l\000o\000c\000a\000l\000\040\000a\000\040\000G\000o\000o\000g\000l\000e\000\040\000C\000l\000o\000u\000d}{chapter.5}% 58
\BOOKMARK [1][-]{section.5.3}{\376\377\000E\000n\000t\000o\000r\000n\000o\000\040\000d\000e\000\040\000d\000e\000s\000a\000r\000r\000o\000l\000l\000o\000\040\000y\000\040\000d\000e\000s\000p\000l\000i\000e\000g\000u\000e}{chapter.5}% 59
\BOOKMARK [0][-]{chapter.6}{\376\377\000I\000m\000p\000l\000e\000m\000e\000n\000t\000a\000c\000i\000\363\000n}{}% 60
\BOOKMARK [1][-]{section.6.1}{\376\377\000P\000r\000o\000c\000e\000s\000a\000m\000i\000e\000n\000t\000o\000\040\000d\000e\000\040\000d\000o\000c\000u\000m\000e\000n\000t\000o\000s\000\040\000y\000\040\000a\000l\000i\000m\000e\000n\000t\000a\000c\000i\000\363\000n\000\040\000d\000e\000\040\000c\000o\000n\000t\000e\000x\000t\000o}{chapter.6}% 61
\BOOKMARK [1][-]{section.6.2}{\376\377\000M\000o\000t\000o\000r\000\040\000d\000e\000\040\000r\000e\000s\000e\000r\000v\000a\000s\000\040\000y\000\040\000m\000\341\000q\000u\000i\000n\000a\000\040\000d\000e\000\040\000e\000s\000t\000a\000d\000o\000s}{chapter.6}% 62
\BOOKMARK [2][-]{subsection.6.2.1}{\376\377\000E\000x\000t\000r\000a\000c\000c\000i\000\363\000n\000\040\000d\000e\000\040\000d\000a\000t\000o\000s\000:\000\040\000r\000e\000g\000e\000x\000\040\000y\000\040\000L\000L\000M\000\040\000c\000o\000m\000o\000\040\000f\000a\000l\000l\000b\000a\000c\000k}{section.6.2}% 63
\BOOKMARK [2][-]{subsection.6.2.2}{\376\377\000F\000l\000u\000j\000o\000\040\000d\000e\000\040\000e\000s\000t\000a\000d\000o\000s\000\040\000d\000e\000l\000\040\000g\000e\000s\000t\000o\000r\000\040\000d\000e\000\040\000r\000e\000s\000e\000r\000v\000a\000s}{section.6.2}% 64
\BOOKMARK [2][-]{subsection.6.2.3}{\376\377\000S\000i\000s\000t\000e\000m\000a\000\040\000d\000e\000\040\000c\000o\000n\000f\000i\000r\000m\000a\000c\000i\000\363\000n\000\040\000p\000o\000r\000\040\000c\000\363\000d\000i\000g\000o\000\040\000S\000M\000S}{section.6.2}% 65
\BOOKMARK [2][-]{subsection.6.2.4}{\376\377\000M\000o\000d\000i\000f\000i\000c\000a\000c\000i\000\363\000n\000\040\000y\000\040\000c\000a\000n\000c\000e\000l\000a\000c\000i\000\363\000n\000\040\000d\000e\000\040\000r\000e\000s\000e\000r\000v\000a\000s}{section.6.2}% 66
\BOOKMARK [1][-]{section.6.3}{\376\377\000I\000n\000t\000e\000g\000r\000a\000c\000i\000\363\000n\000\040\000d\000e\000l\000\040\000P\000i\000p\000e\000l\000i\000n\000e\000\040\000d\000e\000\040\000I\000A}{chapter.6}% 67
\BOOKMARK [2][-]{subsection.6.3.1}{\376\377\000G\000e\000n\000e\000r\000a\000c\000i\000\363\000n\000\040\000d\000e\000\040\000r\000e\000s\000p\000u\000e\000s\000t\000a\000s\000\040\000c\000o\000n\000\040\000s\000t\000r\000e\000a\000m\000i\000n\000g}{section.6.3}% 68
\BOOKMARK [2][-]{subsection.6.3.2}{\376\377\000O\000p\000t\000i\000m\000i\000z\000a\000c\000i\000\363\000n\000\040\000d\000e\000\040\000l\000a\000t\000e\000n\000c\000i\000a\000\040\000\050\000S\000e\000n\000t\000e\000n\000c\000e\000\040\000S\000p\000l\000i\000t\000t\000e\000r\000\040\000y\000\040\000T\000T\000S\000\040\000p\000o\000r\000\040\000f\000r\000a\000s\000e\000s\000\051}{section.6.3}% 69
\BOOKMARK [1][-]{section.6.4}{\376\377\000C\000e\000n\000t\000r\000a\000l\000i\000t\000a\000\040\000w\000e\000b\000\040\000s\000i\000m\000u\000l\000a\000d\000a\000\040\000\050\000S\000e\000r\000v\000i\000d\000o\000r\000C\000e\000n\000t\000r\000a\000l\000i\000t\000a\000\051}{chapter.6}% 70
\BOOKMARK [2][-]{subsection.6.4.1}{\376\377\000S\000e\000r\000v\000i\000d\000o\000r\000\040\000H\000T\000T\000P\000\040\000m\000u\000l\000t\000i\000-\000h\000i\000l\000o\000\040\000y\000\040\000g\000e\000s\000t\000i\000\363\000n\000\040\000d\000e\000\040\000l\000l\000a\000m\000a\000d\000a\000s\000\040\000c\000o\000n\000c\000u\000r\000r\000e\000n\000t\000e\000s}{section.6.4}% 71
\BOOKMARK [2][-]{subsection.6.4.2}{\376\377\000S\000t\000r\000e\000a\000m\000i\000n\000g\000\040\000d\000e\000\040\000r\000e\000s\000p\000u\000e\000s\000t\000a\000s\000\040\000c\000o\000n\000\040\000S\000e\000r\000v\000e\000r\000-\000S\000e\000n\000t\000\040\000E\000v\000e\000n\000t\000s\000\040\000\050\000S\000S\000E\000\051}{section.6.4}% 72
\BOOKMARK [2][-]{subsection.6.4.3}{\376\377\000I\000n\000t\000e\000r\000f\000a\000z\000\040\000w\000e\000b\000\040\000d\000e\000\040\000a\000d\000m\000i\000n\000i\000s\000t\000r\000a\000c\000i\000\363\000n}{section.6.4}% 73
\BOOKMARK [1][-]{section.6.5}{\376\377\000S\000e\000r\000v\000i\000d\000o\000r\000\040\000d\000e\000\040\000t\000e\000l\000e\000f\000o\000n\000\355\000a\000\040\000r\000e\000a\000l\000\040\000\050\000S\000e\000r\000v\000i\000d\000o\000r\000T\000e\000l\000e\000f\000o\000n\000\355\000a\000\051}{chapter.6}% 74
\BOOKMARK [2][-]{subsection.6.5.1}{\376\377\000C\000o\000n\000f\000i\000g\000u\000r\000a\000c\000i\000\363\000n\000\040\000d\000e\000l\000\040\000s\000e\000r\000v\000i\000c\000i\000o\000\040\000d\000e\000\040\000t\000e\000l\000e\000f\000o\000n\000\355\000a\000\040\000y\000\040\000W\000e\000b\000h\000o\000o\000k\000s}{section.6.5}% 75
\BOOKMARK [2][-]{subsection.6.5.2}{\376\377\000C\000a\000n\000a\000l\000\040\000d\000e\000\040\000a\000u\000d\000i\000o\000\040\000b\000i\000d\000i\000r\000e\000c\000c\000i\000o\000n\000a\000l\000\040\000c\000o\000n\000\040\000T\000w\000i\000l\000i\000o\000\040\000M\000e\000d\000i\000a\000\040\000S\000t\000r\000e\000a\000m\000s}{section.6.5}% 76
\BOOKMARK [2][-]{subsection.6.5.3}{\376\377\000A\000d\000a\000p\000t\000a\000c\000i\000\363\000n\000\040\000d\000e\000\040\000a\000u\000d\000i\000o\000\040\000p\000a\000r\000a\000\040\000t\000e\000l\000e\000f\000o\000n\000\355\000a\000\040\000\050\000m\000u\000-\000l\000a\000w\000,\000\040\0008\000\040\000k\000H\000z\000\051}{section.6.5}% 77
\BOOKMARK [1][-]{section.6.6}{\376\377\000P\000e\000r\000s\000i\000s\000t\000e\000n\000c\000i\000a\000\040\000y\000\040\000c\000o\000n\000e\000x\000i\000\363\000n\000\040\000a\000\040\000B\000a\000s\000e\000\040\000d\000e\000\040\000D\000a\000t\000o\000s}{chapter.6}% 78
\BOOKMARK [2][-]{subsection.6.6.1}{\376\377\000E\000s\000q\000u\000e\000m\000a\000\040\000r\000e\000l\000a\000c\000i\000o\000n\000a\000l\000\040\000y\000\040\000a\000s\000i\000g\000n\000a\000c\000i\000\363\000n\000\040\000d\000i\000n\000\341\000m\000i\000c\000a\000\040\000d\000e\000\040\000m\000e\000s\000a\000s}{section.6.6}% 79
\BOOKMARK [1][-]{section.6.7}{\376\377\000E\000s\000t\000r\000a\000t\000e\000g\000i\000a\000s\000\040\000d\000e\000\040\000S\000y\000s\000t\000e\000m\000\040\000P\000r\000o\000m\000p\000t\000i\000n\000g\000\040\000\050\000D\000e\000f\000i\000n\000i\000c\000i\000\363\000n\000\040\000d\000e\000\040\000p\000e\000r\000s\000o\000n\000a\000l\000i\000d\000a\000d\000\040\000y\000\040\000r\000e\000g\000l\000a\000s\000\051}{chapter.6}% 80
\BOOKMARK [0][-]{chapter.7}{\376\377\000P\000r\000u\000e\000b\000a\000s\000\040\000y\000\040\000v\000a\000l\000i\000d\000a\000c\000i\000\363\000n}{}% 81
\BOOKMARK [1][-]{section.7.1}{\376\377\000P\000l\000a\000n\000\040\000d\000e\000\040\000p\000r\000u\000e\000b\000a\000s}{chapter.7}% 82
\BOOKMARK [1][-]{section.7.2}{\376\377\000P\000r\000u\000e\000b\000a\000s\000\040\000U\000n\000i\000t\000a\000r\000i\000a\000s\000\040\000y\000\040\000d\000e\000\040\000I\000n\000t\000e\000g\000r\000a\000c\000i\000\363\000n}{chapter.7}% 83
\BOOKMARK [1][-]{section.7.3}{\376\377\000P\000r\000u\000e\000b\000a\000s\000\040\000d\000e\000\040\000l\000a\000\040\000c\000e\000n\000t\000r\000a\000l\000i\000t\000a\000\040\000s\000i\000m\000u\000l\000a\000d\000a}{chapter.7}% 84
\BOOKMARK [1][-]{section.7.4}{\376\377\000P\000r\000u\000e\000b\000a\000s\000\040\000d\000e\000\040\000l\000l\000a\000m\000a\000d\000a\000\040\000r\000e\000a\000l\000\040\000e\000n\000d\000-\000t\000o\000-\000e\000n\000d}{chapter.7}% 85
\BOOKMARK [1][-]{section.7.5}{\376\377\000P\000r\000u\000e\000b\000a\000s\000\040\000d\000e\000\040\000R\000e\000n\000d\000i\000m\000i\000e\000n\000t\000o\000:\000\040\000A\000n\000\341\000l\000i\000s\000i\000s\000\040\000d\000e\000\040\000l\000a\000t\000e\000n\000c\000i\000a\000\040\000e\000n\000d\000-\000t\000o\000-\000e\000n\000d}{chapter.7}% 86
\BOOKMARK [1][-]{section.7.6}{\376\377\000P\000r\000u\000e\000b\000a\000s\000\040\000d\000e\000\040\000A\000c\000e\000p\000t\000a\000c\000i\000\363\000n\000\040\000y\000\040\000C\000a\000l\000i\000d\000a\000d\000\040\000d\000e\000\040\000l\000a\000\040\000C\000o\000n\000v\000e\000r\000s\000a\000c\000i\000\363\000n\000\040\000\050\000C\000a\000s\000o\000s\000\040\000d\000e\000\040\000\351\000x\000i\000t\000o\000\040\000y\000\040\000f\000a\000l\000l\000o\000\051}{chapter.7}% 87
\BOOKMARK [0][-]{chapter.8}{\376\377\000G\000e\000s\000t\000i\000\363\000n\000\040\000d\000e\000l\000\040\000P\000r\000o\000y\000e\000c\000t\000o}{}% 88
\BOOKMARK [1][-]{section.8.1}{\376\377\000M\000e\000t\000o\000d\000o\000l\000o\000g\000\355\000a\000\040\000d\000e\000\040\000t\000r\000a\000b\000a\000j\000o\000\040\000\050\000e\000j\000.\000\040\000A\000g\000i\000l\000e\000/\000K\000a\000n\000b\000a\000n\000\051}{chapter.8}% 89
\BOOKMARK [1][-]{section.8.2}{\376\377\000P\000l\000a\000n\000i\000f\000i\000c\000a\000c\000i\000\363\000n\000\040\000t\000e\000m\000p\000o\000r\000a\000l\000\040\000\050\000D\000i\000a\000g\000r\000a\000m\000a\000\040\000d\000e\000\040\000G\000a\000n\000t\000t\000\051}{chapter.8}% 90
\BOOKMARK [1][-]{section.8.3}{\376\377\000P\000r\000e\000s\000u\000p\000u\000e\000s\000t\000o\000\040\000y\000\040\000c\000o\000s\000t\000e\000s\000\040\000d\000e\000l\000\040\000p\000r\000o\000y\000e\000c\000t\000o\000\040\000\050\000C\000o\000s\000t\000e\000s\000\040\000d\000e\000\040\000A\000P\000I\000,\000\040\000s\000e\000r\000v\000i\000d\000o\000r\000,\000\040\000h\000o\000r\000a\000s\000\040\000d\000e\000\040\000i\000n\000g\000e\000n\000i\000e\000r\000\355\000a\000\051}{chapter.8}% 91
\BOOKMARK [0][-]{chapter.9}{\376\377\000C\000o\000n\000c\000l\000u\000s\000i\000o\000n\000e\000s}{}% 92
\BOOKMARK [1][-]{section.9.1}{\376\377\000C\000o\000n\000c\000l\000u\000s\000i\000o\000n\000e\000s}{chapter.9}% 93
\BOOKMARK [1][-]{section.9.2}{\376\377\000L\000i\000m\000i\000t\000a\000c\000i\000o\000n\000e\000s\000\040\000e\000n\000c\000o\000n\000t\000r\000a\000d\000a\000s}{chapter.9}% 94
\BOOKMARK [1][-]{section.9.3}{\376\377\000T\000r\000a\000b\000a\000j\000o\000s\000\040\000f\000u\000t\000u\000r\000o\000s}{chapter.9}% 95
\BOOKMARK [0][-]{chapter.10}{\376\377\000B\000i\000b\000l\000i\000o\000g\000r\000a\000f\000\355\000a}{}% 96
