This is pdfTeX, Version 3.141592653-2.6-1.40.28 (MiKTeX 25.12) (preloaded format=pdflatex 2026.5.29)  21 JUN 2026 01:36
entering extended mode
 restricted \write18 enabled.
 %&-line parsing enabled.
**./PlantillaTFG.tex
(PlantillaTFG.tex
LaTeX2e <2025-11-01>
L3 programming layer <2025-12-24>
(C:\Program Files\MiKTeX\tex/latex/base\book.cls
Document Class: book 2025/01/22 v1.4n Standard LaTeX document class
(C:\Program Files\MiKTeX\tex/latex/base\bk12.clo
File: bk12.clo 2025/01/22 v1.4n Standard LaTeX file (size option)
)
\c@part=\count275
\c@chapter=\count276
\c@section=\count277
\c@subsection=\count278
\c@subsubsection=\count279
\c@paragraph=\count280
\c@subparagraph=\count281
\c@figure=\count282
\c@table=\count283
\abovecaptionskip=\skip49
\belowcaptionskip=\skip50
\bibindent=\dimen148
)
(C:\Users\Usuario\AppData\Local\Programs\MiKTeX\tex/latex/geometry\geometry.sty
Package: geometry 2026/03/07 v6.0 Page Geometry
(C:\Program Files\MiKTeX\tex/latex/graphics\keyval.sty
Package: keyval 2022/05/29 v1.15 key=value parser (DPC)
\KV@toks@=\toks17
)
(C:\Program Files\MiKTeX\tex/generic/iftex\ifvtex.sty
Package: ifvtex 2019/10/25 v1.7 ifvtex legacy package. Use iftex instead.

(C:\Program Files\MiKTeX\tex/generic/iftex\iftex.sty
Package: iftex 2024/12/12 v1.0g TeX engine tests
))
\Gm@cnth=\count284
\Gm@cntv=\count285
\c@Gm@tempcnt=\count286
\Gm@bindingoffset=\dimen149
\Gm@wd@mp=\dimen150
\Gm@odd@mp=\dimen151
\Gm@even@mp=\dimen152
\Gm@layoutwidth=\dimen153
\Gm@layoutheight=\dimen154
\Gm@layouthoffset=\dimen155
\Gm@layoutvoffset=\dimen156
\Gm@dimlist=\toks18

(C:\Users\Usuario\AppData\Local\Programs\MiKTeX\tex/latex/geometry\geometry.cfg
))
(C:\Users\Usuario\AppData\Local\Programs\MiKTeX\tex/latex/eurosym\eurosym.sty
Package: eurosym 1998/08/06 v1.1 European currency symbol ``Euro''
\@eurobox=\box53
)
(C:\Program Files\MiKTeX\tex/latex/base\inputenc.sty
Package: inputenc 2024/02/08 v1.3d Input encoding file
\inpenc@prehook=\toks19
\inpenc@posthook=\toks20
)
(C:\Program Files\MiKTeX\tex/generic/babel\babel.sty
Package: babel 2025/12/11 v25.17 The multilingual framework for LuaLaTeX, pdfLa
TeX and XeLaTeX
\babel@savecnt=\count287
LaTeX Encoding Info:    Redeclaring text command \ij (encoding OT1) on input li
ne 2068.
LaTeX Encoding Info:    Redeclaring text command \IJ (encoding OT1) on input li
ne 2070.
LaTeX Encoding Info:    Redeclaring text command \ij (encoding T1) on input lin
e 2072.
LaTeX Encoding Info:    Redeclaring text command \IJ (encoding T1) on input lin
e 2073.
LaTeX Encoding Info:    Ignoring declaration for text command \ij (encoding ?) 
on input line 2074.
LaTeX Encoding Info:    Ignoring declaration for text command \IJ (encoding ?) 
on input line 2076.
LaTeX Encoding Info:    Ignoring declaration for text command \SS (encoding ?) 
on input line 2101.
\U@D=\dimen157
\l@unhyphenated=\language79

(C:\Program Files\MiKTeX\tex/generic/babel\txtbabel.def)
\bbl@readstream=\read2
\bbl@dirlevel=\count288
Package babel Info: Configuration files are deprecated, as
(babel)             they can break document portability.
(babel)             Reported on input line 4196.

*************************************
* Local config file bblopts.cfg used
*
(C:\Program Files\MiKTeX\tex/latex/arabi\bblopts.cfg
File: bblopts.cfg 2005/09/08 v0.1 add Arabic and Farsi to "declared" options of
 babel
)
(C:\Program Files\MiKTeX\tex/generic/babel/locale/es\babel-spanish.tex)
Package babel Info: Importing font and identification data for spanish
(babel)             from babel-es.ini. Reported on input line 4320.

(C:\Users\Usuario\AppData\Local\Programs\MiKTeX\tex/latex/babel-spanish\spanish
.ldf
Language: spanish.ldf 2021/05/27 v5.0q Spanish support from the babel system
\es@quottoks=\toks21
\es@quotdepth=\count289
Package babel Info: Making " an active character on input line 570.
Package babel Info: Making . an active character on input line 675.
Package babel Info: Making < an active character on input line 722.
Package babel Info: Making > an active character on input line 722.
))
LaTeX Encoding Info:    Redeclaring text command \guillemotleft (encoding OT1) 
on input line 6.
LaTeX Encoding Info:    Redeclaring text command \guillemotright (encoding OT1)
 on input line 6.
 (C:\Program Files\MiKTeX\tex/latex/amsmath\amsmath.sty
Package: amsmath 2025/07/09 v2.17z AMS math features
\@mathmargin=\skip51

For additional information on amsmath, use the `?' option.
(C:\Program Files\MiKTeX\tex/latex/amsmath\amstext.sty
Package: amstext 2024/11/17 v2.01 AMS text

(C:\Program Files\MiKTeX\tex/latex/amsmath\amsgen.sty
File: amsgen.sty 1999/11/30 v2.0 generic functions
\@emptytoks=\toks22
\ex@=\dimen158
))
(C:\Program Files\MiKTeX\tex/latex/amsmath\amsbsy.sty
Package: amsbsy 1999/11/29 v1.2d Bold Symbols
\pmbraise@=\dimen159
)
(C:\Program Files\MiKTeX\tex/latex/amsmath\amsopn.sty
Package: amsopn 2022/04/08 v2.04 operator names
)
\inf@bad=\count290
LaTeX Info: Redefining \frac on input line 233.
\uproot@=\count291
\leftroot@=\count292
LaTeX Info: Redefining \overline on input line 398.
LaTeX Info: Redefining \colon on input line 409.
\classnum@=\count293
\DOTSCASE@=\count294
LaTeX Info: Redefining \ldots on input line 495.
LaTeX Info: Redefining \dots on input line 498.
LaTeX Info: Redefining \cdots on input line 619.
\Mathstrutbox@=\box54
\strutbox@=\box55
LaTeX Info: Redefining \big on input line 721.
LaTeX Info: Redefining \Big on input line 722.
LaTeX Info: Redefining \bigg on input line 723.
LaTeX Info: Redefining \Bigg on input line 724.
\big@size=\dimen160
LaTeX Font Info:    Redeclaring font encoding OML on input line 742.
LaTeX Font Info:    Redeclaring font encoding OMS on input line 743.
\macc@depth=\count295
LaTeX Info: Redefining \bmod on input line 904.
LaTeX Info: Redefining \pmod on input line 909.
LaTeX Info: Redefining \smash on input line 939.
LaTeX Info: Redefining \relbar on input line 969.
LaTeX Info: Redefining \Relbar on input line 970.
\c@MaxMatrixCols=\count296
\dotsspace@=\muskip17
\c@parentequation=\count297
\dspbrk@lvl=\count298
\tag@help=\toks23
\row@=\count299
\column@=\count300
\maxfields@=\count301
\andhelp@=\toks24
\eqnshift@=\dimen161
\alignsep@=\dimen162
\tagshift@=\dimen163
\tagwidth@=\dimen164
\totwidth@=\dimen165
\lineht@=\dimen166
\@envbody=\toks25
\multlinegap=\skip52
\multlinetaggap=\skip53
\mathdisplay@stack=\toks26
LaTeX Info: Redefining \[ on input line 2950.
LaTeX Info: Redefining \] on input line 2951.
)
(C:\Program Files\MiKTeX\tex/latex/amsfonts\amsfonts.sty
Package: amsfonts 2013/01/14 v3.01 Basic AMSFonts support
\symAMSa=\mathgroup4
\symAMSb=\mathgroup5
LaTeX Font Info:    Redeclaring math symbol \hbar on input line 98.
LaTeX Font Info:    Overwriting math alphabet `\mathfrak' in version `bold'
(Font)                  U/euf/m/n --> U/euf/b/n on input line 106.
)
(C:\Program Files\MiKTeX\tex/latex/amsfonts\amssymb.sty
Package: amssymb 2013/01/14 v3.01 AMS font symbols
)
(C:\Program Files\MiKTeX\tex/latex/base\makeidx.sty
Package: makeidx 2021/10/04 v1.0m Standard LaTeX package
)
(C:\Program Files\MiKTeX\tex/latex/graphics\graphicx.sty
Package: graphicx 2024/12/31 v1.2e Enhanced LaTeX Graphics (DPC,SPQR)

(C:\Program Files\MiKTeX\tex/latex/graphics\graphics.sty
Package: graphics 2024/08/06 v1.4g Standard LaTeX Graphics (DPC,SPQR)

(C:\Program Files\MiKTeX\tex/latex/graphics\trig.sty
Package: trig 2023/12/02 v1.11 sin cos tan (DPC)
)
(C:\Program Files\MiKTeX\tex/latex/graphics-cfg\graphics.cfg
File: graphics.cfg 2016/06/04 v1.11 sample graphics configuration
)
Package graphics Info: Driver file: pdftex.def on input line 106.

(C:\Program Files\MiKTeX\tex/latex/graphics-def\pdftex.def
File: pdftex.def 2025/09/29 v1.2d Graphics/color driver for pdftex
))
\Gin@req@height=\dimen167
\Gin@req@width=\dimen168
)
(C:\Users\Usuario\AppData\Local\Programs\MiKTeX\tex/latex/float\float.sty
Package: float 2001/11/08 v1.3d Float enhancements (AL)
\c@float@type=\count302
\float@exts=\toks27
\float@box=\box56
\@float@everytoks=\toks28
\@floatcapt=\box57
)
(C:\Program Files\MiKTeX\tex/latex/xcolor\xcolor.sty
Package: xcolor 2024/09/29 v3.02 LaTeX color extensions (UK)

(C:\Program Files\MiKTeX\tex/latex/graphics-cfg\color.cfg
File: color.cfg 2016/01/02 v1.6 sample color configuration
)
Package xcolor Info: Driver file: pdftex.def on input line 274.

(C:\Program Files\MiKTeX\tex/latex/graphics\mathcolor.ltx)
Package xcolor Info: Model `cmy' substituted by `cmy0' on input line 1349.
Package xcolor Info: Model `hsb' substituted by `rgb' on input line 1353.
Package xcolor Info: Model `RGB' extended on input line 1365.
Package xcolor Info: Model `HTML' substituted by `rgb' on input line 1367.
Package xcolor Info: Model `Hsb' substituted by `hsb' on input line 1368.
Package xcolor Info: Model `tHsb' substituted by `hsb' on input line 1369.
Package xcolor Info: Model `HSB' substituted by `hsb' on input line 1370.
Package xcolor Info: Model `Gray' substituted by `gray' on input line 1371.
Package xcolor Info: Model `wave' substituted by `hsb' on input line 1372.
)
(C:\Users\Usuario\AppData\Local\Programs\MiKTeX\tex/latex/colortbl\colortbl.sty
Package: colortbl 2026/05/01 v1.0l Color table columns (DPC)
(C:\Program Files\MiKTeX\tex/latex/tools\array.sty
Package: array 2025/09/25 v2.6n Tabular extension package (FMi)
\col@sep=\dimen169
\ar@mcellbox=\box58
\extrarowheight=\dimen170
\NC@list=\toks29
\extratabsurround=\skip54
\backup@length=\skip55
\ar@cellbox=\box59
)
\everycr=\toks30
\minrowclearance=\skip56
\rownum=\count303
)
(C:\Users\Usuario\AppData\Local\Programs\MiKTeX\tex/latex/pdfpages\pdfpages.sty
Package: pdfpages 2026/03/30 v0.6h Insert pages of external PDF documents (AM)
(C:\Program Files\MiKTeX\tex/latex/base\ifthen.sty
Package: ifthen 2024/03/16 v1.1e Standard LaTeX ifthen package (DPC)
)
(C:\Program Files\MiKTeX\tex/latex/tools\calc.sty
Package: calc 2025/03/01 v4.3b Infix arithmetic (KKT,FJ)
\calc@Acount=\count304
\calc@Bcount=\count305
\calc@Adimen=\dimen171
\calc@Bdimen=\dimen172
\calc@Askip=\skip57
\calc@Bskip=\skip58
LaTeX Info: Redefining \setlength on input line 86.
LaTeX Info: Redefining \addtolength on input line 87.
\calc@Ccount=\count306
\calc@Cskip=\skip59
)
(C:\Users\Usuario\AppData\Local\Programs\MiKTeX\tex/latex/eso-pic\eso-pic.sty
Package: eso-pic 2025/12/10 v3.0d eso-pic (RN)
\ESO@tempdima=\dimen173
\ESO@tempdimb=\dimen174
)
(C:\Program Files\MiKTeX\tex/latex/etoolbox\etoolbox.sty
Package: etoolbox 2025/10/02 v2.5m e-TeX tools for LaTeX (JAW)
\etb@tempcnta=\count307
)
\AM@pagewidth=\dimen175
\AM@pageheight=\dimen176
\AM@fboxrule=\dimen177

(C:\Users\Usuario\AppData\Local\Programs\MiKTeX\tex/latex/pdfpages\pppdftex.def
File: pppdftex.def 2026/03/30 v0.6h Pdfpages driver for pdfTeX (AM)
)
\pdfpages@includegraphics@status=\count308
\AM@pagebox=\box60
\AM@global@opts=\toks31
\AM@pagecnt=\count309
\AM@toc@title=\toks32
\AM@lof@heading=\toks33
\c@AM@survey=\count310
\AM@templatesizebox=\box61
)
(C:\Users\Usuario\AppData\Local\Programs\MiKTeX\tex/latex/appendix\appendix.sty
Package: appendix 2020/02/08 v1.2c extra appendix facilities
\c@@pps=\count311
\c@@ppsavesec=\count312
\c@@ppsaveapp=\count313
)
(C:\Users\Usuario\AppData\Local\Programs\MiKTeX\tex/latex/enumitem\enumitem.sty
Package: enumitem 2025/02/06 v3.11 Customized lists
\labelindent=\skip60
\enit@outerparindent=\dimen178
\enit@toks=\toks34
\enit@inbox=\box62
\enit@count@id=\count314
\enitdp@description=\count315
)
(C:\Users\Usuario\AppData\Local\Programs\MiKTeX\tex/latex/titlesec\titlesec.sty
Package: titlesec 2025/01/04 v2.17 Sectioning titles
\ttl@box=\box63
\beforetitleunit=\skip61
\aftertitleunit=\skip62
\ttl@plus=\dimen179
\ttl@minus=\dimen180
\ttl@toksa=\toks35
\titlewidth=\dimen181
\titlewidthlast=\dimen182
\titlewidthfirst=\dimen183
)
(C:\Users\Usuario\AppData\Local\Programs\MiKTeX\tex/latex/fancyhdr\fancyhdr.sty
Package: fancyhdr 2025/02/07 v5.2 Extensive control of page headers and footers

\f@nch@headwidth=\skip63
\f@nch@offset@elh=\skip64
\f@nch@offset@erh=\skip65
\f@nch@offset@olh=\skip66
\f@nch@offset@orh=\skip67
\f@nch@offset@elf=\skip68
\f@nch@offset@erf=\skip69
\f@nch@offset@olf=\skip70
\f@nch@offset@orf=\skip71
\f@nch@height=\skip72
\f@nch@footalignment=\skip73
\f@nch@widthL=\skip74
\f@nch@widthC=\skip75
\f@nch@widthR=\skip76
\@temptokenb=\toks36
)
(C:\Users\Usuario\AppData\Local\Programs\MiKTeX\tex/latex/lastpage\lastpage.sty
Package: lastpage 2025/08/14 v2.1h lastpage: 2.09 or 2e? (HMM)

(C:\Users\Usuario\AppData\Local\Programs\MiKTeX\tex/latex/lastpage\lastpage2e.s
ty
Package: lastpage2e 2025/08/14 v2.1h Decide which 2e lastpage version to use (H
MM)

(C:\Users\Usuario\AppData\Local\Programs\MiKTeX\tex/latex/lastpage\lastpagemode
rn.sty
Package: lastpagemodern 2025-08-14 v2.1h Refers to last page's name (HMM; JPG)
\c@lastpagecount=\count316
) 
))
(C:\Users\Usuario\AppData\Local\Programs\MiKTeX\tex/latex/caption\caption.sty
Package: caption 2023/08/05 v3.6o Customizing captions (AR)

(C:\Users\Usuario\AppData\Local\Programs\MiKTeX\tex/latex/caption\caption3.sty
Package: caption3 2023/07/31 v2.4d caption3 kernel (AR)
\caption@tempdima=\dimen184
\captionmargin=\dimen185
\caption@leftmargin=\dimen186
\caption@rightmargin=\dimen187
\caption@width=\dimen188
\caption@indent=\dimen189
\caption@parindent=\dimen190
\caption@hangindent=\dimen191
Package caption Info: Standard document class detected.
)
\c@caption@flags=\count317
\c@continuedfloat=\count318
Package caption Info: float package is loaded.
)
(C:\Users\Usuario\AppData\Local\Programs\MiKTeX\tex/latex/multirow\multirow.sty
Package: multirow 2024/11/12 v2.9 Span multiple rows of a table
\multirow@colwidth=\skip77
\multirow@cntb=\count319
\multirow@dima=\skip78
\bigstrutjot=\dimen192
) (C:\Program Files\MiKTeX\tex/latex/lm\lmodern.sty
Package: lmodern 2015/05/01 v1.6.1 Latin Modern Fonts
LaTeX Font Info:    Overwriting symbol font `operators' in version `normal'
(Font)                  OT1/cmr/m/n --> OT1/lmr/m/n on input line 22.
LaTeX Font Info:    Overwriting symbol font `letters' in version `normal'
(Font)                  OML/cmm/m/it --> OML/lmm/m/it on input line 23.
LaTeX Font Info:    Overwriting symbol font `symbols' in version `normal'
(Font)                  OMS/cmsy/m/n --> OMS/lmsy/m/n on input line 24.
LaTeX Font Info:    Overwriting symbol font `largesymbols' in version `normal'
(Font)                  OMX/cmex/m/n --> OMX/lmex/m/n on input line 25.
LaTeX Font Info:    Overwriting symbol font `operators' in version `bold'
(Font)                  OT1/cmr/bx/n --> OT1/lmr/bx/n on input line 26.
LaTeX Font Info:    Overwriting symbol font `letters' in version `bold'
(Font)                  OML/cmm/b/it --> OML/lmm/b/it on input line 27.
LaTeX Font Info:    Overwriting symbol font `symbols' in version `bold'
(Font)                  OMS/cmsy/b/n --> OMS/lmsy/b/n on input line 28.
LaTeX Font Info:    Overwriting symbol font `largesymbols' in version `bold'
(Font)                  OMX/cmex/m/n --> OMX/lmex/m/n on input line 29.
LaTeX Font Info:    Overwriting math alphabet `\mathbf' in version `normal'
(Font)                  OT1/cmr/bx/n --> OT1/lmr/bx/n on input line 31.
LaTeX Font Info:    Overwriting math alphabet `\mathsf' in version `normal'
(Font)                  OT1/cmss/m/n --> OT1/lmss/m/n on input line 32.
LaTeX Font Info:    Overwriting math alphabet `\mathit' in version `normal'
(Font)                  OT1/cmr/m/it --> OT1/lmr/m/it on input line 33.
LaTeX Font Info:    Overwriting math alphabet `\mathtt' in version `normal'
(Font)                  OT1/cmtt/m/n --> OT1/lmtt/m/n on input line 34.
LaTeX Font Info:    Overwriting math alphabet `\mathbf' in version `bold'
(Font)                  OT1/cmr/bx/n --> OT1/lmr/bx/n on input line 35.
LaTeX Font Info:    Overwriting math alphabet `\mathsf' in version `bold'
(Font)                  OT1/cmss/bx/n --> OT1/lmss/bx/n on input line 36.
LaTeX Font Info:    Overwriting math alphabet `\mathit' in version `bold'
(Font)                  OT1/cmr/bx/it --> OT1/lmr/bx/it on input line 37.
LaTeX Font Info:    Overwriting math alphabet `\mathtt' in version `bold'
(Font)                  OT1/cmtt/m/n --> OT1/lmtt/m/n on input line 38.
)
(C:\Program Files\MiKTeX\tex/latex/url\url.sty
\Urlmuskip=\muskip18
Package: url 2013/09/16  ver 3.4  Verb mode for urls, etc.
) (mcode.sty
-- Package: `mcode' 2.5 <2014/03/06> --
Package: mcode 2014/03/06 2.5
 - settings optimized for display (colour formating)
(C:\Program Files\MiKTeX\tex/latex/listings\listings.sty
\lst@mode=\count320
\lst@gtempboxa=\box64
\lst@token=\toks37
\lst@length=\count321
\lst@currlwidth=\dimen193
\lst@column=\count322
\lst@pos=\count323
\lst@lostspace=\dimen194
\lst@width=\dimen195
\lst@newlines=\count324
\lst@lineno=\count325
\lst@maxwidth=\dimen196

(C:\Program Files\MiKTeX\tex/latex/listings\lstpatch.sty
File: lstpatch.sty 2025/11/14 1.11b (Carsten Heinz)
)
(C:\Program Files\MiKTeX\tex/latex/listings\lstmisc.sty
File: lstmisc.sty 2025/11/14 1.11b (Carsten Heinz)
\c@lstnumber=\count326
\lst@skipnumbers=\count327
\lst@framebox=\box65
)
(C:\Program Files\MiKTeX\tex/latex/listings\listings.cfg
File: listings.cfg 2025/11/14 1.11b listings configuration
))
Package: listings 2025/11/14 1.11b (Carsten Heinz)

==> First Aid for listings.sty no longer applied!
    Expected:
        2024/09/23 1.10c (Carsten Heinz)
    but found:
        2025/11/14 1.11b (Carsten Heinz)
    so I'm assuming it got fixed.
)
(C:\Users\Usuario\AppData\Local\Programs\MiKTeX\tex/latex/booktabs\booktabs.sty
Package: booktabs 2020/01/12 v1.61803398 Publication quality tables
\heavyrulewidth=\dimen197
\lightrulewidth=\dimen198
\cmidrulewidth=\dimen199
\belowrulesep=\dimen256
\belowbottomsep=\dimen257
\aboverulesep=\dimen258
\abovetopsep=\dimen259
\cmidrulesep=\dimen260
\cmidrulekern=\dimen261
\defaultaddspace=\dimen262
\@cmidla=\count328
\@cmidlb=\count329
\@aboverulesep=\dimen263
\@belowrulesep=\dimen264
\@thisruleclass=\count330
\@lastruleclass=\count331
\@thisrulewidth=\dimen265
) (C:\Program Files\MiKTeX\tex/latex/hyperref\hyperref.sty
Package: hyperref 2025-07-12 v7.01o Hypertext links for LaTeX

(C:\Users\Usuario\AppData\Local\Programs\MiKTeX\tex/latex/kvsetkeys\kvsetkeys.s
ty
Package: kvsetkeys 2022-10-05 v1.19 Key value parser (HO)
)
(C:\Users\Usuario\AppData\Local\Programs\MiKTeX\tex/generic/kvdefinekeys\kvdefi
nekeys.sty
Package: kvdefinekeys 2019-12-19 v1.6 Define keys (HO)
)
(C:\Users\Usuario\AppData\Local\Programs\MiKTeX\tex/generic/pdfescape\pdfescape
.sty
Package: pdfescape 2019/12/09 v1.15 Implements pdfTeX's escape features (HO)

(C:\Users\Usuario\AppData\Local\Programs\MiKTeX\tex/generic/ltxcmds\ltxcmds.sty
Package: ltxcmds 2023-12-04 v1.26 LaTeX kernel commands for general use (HO)
) (C:\Program Files\MiKTeX\tex/generic/pdftexcmds\pdftexcmds.sty
Package: pdftexcmds 2020-06-27 v0.33 Utility functions of pdfTeX for LuaTeX (HO
)

(C:\Users\Usuario\AppData\Local\Programs\MiKTeX\tex/generic/infwarerr\infwarerr
.sty
Package: infwarerr 2019/12/03 v1.5 Providing info/warning/error messages (HO)
)
Package pdftexcmds Info: \pdf@primitive is available.
Package pdftexcmds Info: \pdf@ifprimitive is available.
Package pdftexcmds Info: \pdfdraftmode found.
))
(C:\Users\Usuario\AppData\Local\Programs\MiKTeX\tex/latex/hycolor\hycolor.sty
Package: hycolor 2020-01-27 v1.10 Color options for hyperref/bookmark (HO)
)
(C:\Program Files\MiKTeX\tex/latex/hyperref\nameref.sty
Package: nameref 2025-06-21 v2.57 Cross-referencing by name of section

(C:\Users\Usuario\AppData\Local\Programs\MiKTeX\tex/latex/refcount\refcount.sty
Package: refcount 2019/12/15 v3.6 Data extraction from label references (HO)
)
(C:\Users\Usuario\AppData\Local\Programs\MiKTeX\tex/generic/gettitlestring\gett
itlestring.sty
Package: gettitlestring 2019/12/15 v1.6 Cleanup title references (HO)

(C:\Users\Usuario\AppData\Local\Programs\MiKTeX\tex/latex/kvoptions\kvoptions.s
ty
Package: kvoptions 2022-06-15 v3.15 Key value format for package options (HO)
))
\c@section@level=\count332
)
(C:\Users\Usuario\AppData\Local\Programs\MiKTeX\tex/generic/stringenc\stringenc
.sty
Package: stringenc 2019/11/29 v1.12 Convert strings between diff. encodings (HO
)
)
\@linkdim=\dimen266
\Hy@linkcounter=\count333
\Hy@pagecounter=\count334
 (C:\Program Files\MiKTeX\tex/latex/hyperref\pd1enc.def
File: pd1enc.def 2025-07-12 v7.01o Hyperref: PDFDocEncoding definition (HO)
Now handling font encoding PD1 ...
... no UTF-8 mapping file for font encoding PD1
)
(C:\Users\Usuario\AppData\Local\Programs\MiKTeX\tex/generic/intcalc\intcalc.sty
Package: intcalc 2019/12/15 v1.3 Expandable calculations with integers (HO)
)
\Hy@SavedSpaceFactor=\count335
 (C:\Program Files\MiKTeX\tex/latex/hyperref\puenc.def
File: puenc.def 2025-07-12 v7.01o Hyperref: PDF Unicode definition (HO)
Now handling font encoding PU ...
... no UTF-8 mapping file for font encoding PU
)
Package hyperref Info: Hyper figures OFF on input line 4195.
Package hyperref Info: Link nesting OFF on input line 4200.
Package hyperref Info: Hyper index ON on input line 4203.
Package hyperref Info: Plain pages OFF on input line 4210.
Package hyperref Info: Backreferencing OFF on input line 4215.
Package hyperref Info: Implicit mode ON; LaTeX internals redefined.
Package hyperref Info: Bookmarks ON on input line 4462.
\c@Hy@tempcnt=\count336
LaTeX Info: Redefining \url on input line 4801.
\XeTeXLinkMargin=\dimen267

(C:\Users\Usuario\AppData\Local\Programs\MiKTeX\tex/generic/bitset\bitset.sty
Package: bitset 2019/12/09 v1.3 Handle bit-vector datatype (HO)

(C:\Users\Usuario\AppData\Local\Programs\MiKTeX\tex/generic/bigintcalc\bigintca
lc.sty
Package: bigintcalc 2019/12/15 v1.5 Expandable calculations on big integers (HO
)
))
\Fld@menulength=\count337
\Field@Width=\dimen268
\Fld@charsize=\dimen269
Package hyperref Info: Hyper figures OFF on input line 6078.
Package hyperref Info: Link nesting OFF on input line 6083.
Package hyperref Info: Hyper index ON on input line 6086.
Package hyperref Info: backreferencing OFF on input line 6093.
Package hyperref Info: Link coloring OFF on input line 6098.
Package hyperref Info: Link coloring with OCG OFF on input line 6103.
Package hyperref Info: PDF/A mode OFF on input line 6108.
\Hy@abspage=\count338
\c@Item=\count339
\c@Hfootnote=\count340
)
Package hyperref Info: Driver (autodetected): hpdftex.
 (C:\Program Files\MiKTeX\tex/latex/hyperref\hpdftex.def
File: hpdftex.def 2025-07-12 v7.01o Hyperref driver for pdfTeX
\Fld@listcount=\count341
\c@bookmark@seq@number=\count342

(C:\Users\Usuario\AppData\Local\Programs\MiKTeX\tex/latex/rerunfilecheck\rerunf
ilecheck.sty
Package: rerunfilecheck 2025-06-21 v1.11 Rerun checks for auxiliary files (HO)

(C:\Users\Usuario\AppData\Local\Programs\MiKTeX\tex/generic/uniquecounter\uniqu
ecounter.sty
Package: uniquecounter 2019/12/15 v1.4 Provide unlimited unique counter (HO)
)
Package uniquecounter Info: New unique counter `rerunfilecheck' on input line 2
84.
)
\Hy@SectionHShift=\skip79
)
(C:\Users\Usuario\AppData\Local\Programs\MiKTeX\tex/latex/subfig\subfig.sty
Package: subfig 2005/06/28 ver: 1.3 subfig package
\c@KVtest=\count343
\sf@farskip=\skip80
\sf@captopadj=\dimen270
\sf@capskip=\skip81
\sf@nearskip=\skip82
\c@subfigure=\count344
\c@subfigure@save=\count345
\c@lofdepth=\count346
\c@subtable=\count347
\c@subtable@save=\count348
\c@lotdepth=\count349
\sf@top=\skip83
\sf@bottom=\skip84
)
(C:\Program Files\MiKTeX\tex/latex/tools\tabularx.sty
Package: tabularx 2023/12/11 v2.12a `tabularx' package (DPC)
\TX@col@width=\dimen271
\TX@old@table=\dimen272
\TX@old@col=\dimen273
\TX@target=\dimen274
\TX@delta=\dimen275
\TX@cols=\count350
\TX@ftn=\toks38
)
(C:\Users\Usuario\AppData\Local\Programs\MiKTeX\tex/latex/ulem\ulem.sty
\UL@box=\box66
\UL@hyphenbox=\box67
\UL@skip=\skip85
\UL@hook=\toks39
\UL@height=\dimen276
\UL@pe=\count351
\UL@pixel=\dimen277
\ULC@box=\box68
Package: ulem 2019/11/18
\ULdepth=\dimen278
)
(C:\Users\Usuario\AppData\Local\Programs\MiKTeX\tex/latex/cite\cite.sty
LaTeX Info: Redefining \cite on input line 302.
LaTeX Info: Redefining \nocite on input line 332.
Package: cite 2015/02/27  v 5.5
)
(C:\Program Files\MiKTeX\tex/latex/listings\lstlang1.sty
File: lstlang1.sty 2025/11/14 1.11b listings language file
)
Package hyperref Info: Option `colorlinks' set `true' on input line 146.
LaTeX Font Info:    Trying to load font information for OT1+lmr on input line 2
23.

(C:\Program Files\MiKTeX\tex/latex/lm\ot1lmr.fd
File: ot1lmr.fd 2015/05/01 v1.6.1 Font defs for Latin Modern
)
(C:\Program Files\MiKTeX\tex/latex/l3backend\l3backend-pdftex.def
File: l3backend-pdftex.def 2025-10-09 L3 backend support: PDF output (pdfTeX)
\l__color_backend_stack_int=\count352
)
(PlantillaTFG.aux (titlepage.aux)
LaTeX Font Info:    Trying to load font information for OT1+lmss on input line 
12.

(C:\Program Files\MiKTeX\tex/latex/lm\ot1lmss.fd
File: ot1lmss.fd 2015/05/01 v1.6.1 Font defs for Latin Modern
)
LaTeX Info: Redefining \. on input line 12.
LaTeX Info: Redefining \% on input line 12.
Package babel Info: 'spanish' activates 'spanish' shorthands.
(babel)             Reported on input line 12.
)
\openout1 = `PlantillaTFG.aux'.

LaTeX Font Info:    Checking defaults for OML/cmm/m/it on input line 223.
LaTeX Font Info:    ... okay on input line 223.
LaTeX Font Info:    Checking defaults for OMS/cmsy/m/n on input line 223.
LaTeX Font Info:    ... okay on input line 223.
LaTeX Font Info:    Checking defaults for OT1/cmr/m/n on input line 223.
LaTeX Font Info:    ... okay on input line 223.
LaTeX Font Info:    Checking defaults for T1/cmr/m/n on input line 223.
LaTeX Font Info:    ... okay on input line 223.
LaTeX Font Info:    Checking defaults for TS1/cmr/m/n on input line 223.
LaTeX Font Info:    ... okay on input line 223.
LaTeX Font Info:    Checking defaults for OMX/cmex/m/n on input line 223.
LaTeX Font Info:    ... okay on input line 223.
LaTeX Font Info:    Checking defaults for U/cmr/m/n on input line 223.
LaTeX Font Info:    ... okay on input line 223.
LaTeX Font Info:    Checking defaults for PD1/pdf/m/n on input line 223.
LaTeX Font Info:    ... okay on input line 223.
LaTeX Font Info:    Checking defaults for PU/pdf/m/n on input line 223.
LaTeX Font Info:    ... okay on input line 223.

*geometry* driver: auto-detecting
*geometry* detected driver: pdftex
*geometry* verbose mode - [ preamble ] result:
* driver: pdftex
* paper: a4paper
* layout: <same size as paper>
* layoutoffset:(h,v)=(0.0pt,0.0pt)
* modes: twoside 
* h-part:(L,W,R)=(56.9055pt, 483.69687pt, 56.9055pt)
* v-part:(T,H,B)=(71.13188pt, 702.78308pt, 71.13188pt)
* \paperwidth=597.50787pt
* \paperheight=845.04684pt
* \textwidth=483.69687pt
* \textheight=674.3303pt
* \oddsidemargin=-15.36449pt
* \evensidemargin=-15.36449pt
* \topmargin=-33.0119pt
* \headheight=56.9055pt
* \headsep=19.8738pt
* \topskip=12.0pt
* \footskip=30.0pt
* \marginparwidth=88.0pt
* \marginparsep=7.0pt
* \columnsep=10.0pt
* \skip\footins=10.8pt plus 4.0pt minus 2.0pt
* \hoffset=0.0pt
* \voffset=0.0pt
* \mag=1000
* \@twocolumnfalse
* \@twosidetrue
* \@mparswitchtrue
* \@reversemarginfalse
* (1in=72.27pt=25.4mm, 1cm=28.453pt)

LaTeX Info: Redefining \. on input line 223.
LaTeX Info: Redefining \% on input line 223.
(C:\Program Files\MiKTeX\tex/context/base/mkii\supp-pdf.mkii
[Loading MPS to PDF converter (version 2006.09.02).]
\scratchcounter=\count353
\scratchdimen=\dimen279
\scratchbox=\box69
\nofMPsegments=\count354
\nofMParguments=\count355
\everyMPshowfont=\toks40
\MPscratchCnt=\count356
\MPscratchDim=\dimen280
\MPnumerator=\count357
\makeMPintoPDFobject=\count358
\everyMPtoPDFconversion=\toks41
) (C:\Program Files\MiKTeX\tex/latex/epstopdf-pkg\epstopdf-base.sty
Package: epstopdf-base 2020-01-24 v2.11 Base part for package epstopdf
Package epstopdf-base Info: Redefining graphics rule for `.eps' on input line 4
85.

(C:\Program Files\MiKTeX\tex/latex/00miktex\epstopdf-sys.cfg
File: epstopdf-sys.cfg 2021/03/18 v2.0 Configuration of epstopdf for MiKTeX
))
(C:\Users\Usuario\AppData\Local\Programs\MiKTeX\tex/latex/pdflscape\pdflscape.s
ty
Package: pdflscape 2022-10-27 v0.13 Display of landscape pages in PDF

(C:\Users\Usuario\AppData\Local\Programs\MiKTeX\tex/latex/pdflscape\pdflscape-n
ometadata.sty
Package: pdflscape-nometadata 2022-10-28 v0.13 Display of landscape pages in PD
F (HO)
 (C:\Program Files\MiKTeX\tex/latex/graphics\lscape.sty
Package: lscape 2020/05/28 v3.02 Landscape Pages (DPC)
)
Package pdflscape Info: Auto-detected driver: pdftex on input line 81.
))
Package caption Info: Begin \AtBeginDocument code.
Package caption Info: subfig package v1.3 is loaded.
Package caption Info: hyperref package is loaded.
Package caption Info: listings package is loaded.
Package caption Info: End \AtBeginDocument code.
\c@lstlisting=\count359
Package hyperref Info: Link coloring ON on input line 223.

(PlantillaTFG.out) (PlantillaTFG.out)
\@outlinefile=\write3
\openout3 = `PlantillaTFG.out'.

\openout2 = `titlepage.aux'.

 (titlepage.tex
Package epstopdf Info: Source file: <Figuras/UNIOVI.eps>
(epstopdf)                    date: 2026-05-28 23:44:45
(epstopdf)                    size: 823618 bytes
(epstopdf)             Output file: <Figuras/UNIOVI-eps-converted-to.pdf>
(epstopdf)                    date: 2026-05-28 23:44:45
(epstopdf)                    size: 71230 bytes
(epstopdf)             Command: <miktex-epstopdf --outfile=Figuras/UNIOVI-eps-c
onverted-to.pdf Figuras/UNIOVI.eps>
(epstopdf)             \includegraphics on input line 9.
Package epstopdf Info: Output file is already uptodate.


pdfTeX warning: pdflatex.exe (file ./Figuras/UNIOVI-eps-converted-to.pdf): PDF 
inclusion: found PDF version <1.7>, but at most version <1.5> allowed
<Figuras/UNIOVI-eps-converted-to.pdf, id=387, 380.42125pt x 107.40125pt>
File: Figuras/UNIOVI-eps-converted-to.pdf Graphic file (type pdf)
<use Figuras/UNIOVI-eps-converted-to.pdf>
Package pdftex.def Info: Figuras/UNIOVI-eps-converted-to.pdf  used on input lin
e 9.
(pdftex.def)             Requested size: 251.9553pt x 71.13188pt.

Overfull \hbox (14.02348pt too wide) in paragraph at lines 9--10
[][] 
 []

LaTeX Font Info:    Trying to load font information for OML+lmm on input line 1
0.
(C:\Program Files\MiKTeX\tex/latex/lm\omllmm.fd
File: omllmm.fd 2015/05/01 v1.6.1 Font defs for Latin Modern
)
LaTeX Font Info:    Trying to load font information for OMS+lmsy on input line 
10.

(C:\Program Files\MiKTeX\tex/latex/lm\omslmsy.fd
File: omslmsy.fd 2015/05/01 v1.6.1 Font defs for Latin Modern
)
LaTeX Font Info:    Trying to load font information for OMX+lmex on input line 
10.

(C:\Program Files\MiKTeX\tex/latex/lm\omxlmex.fd
File: omxlmex.fd 2015/05/01 v1.6.1 Font defs for Latin Modern
)
LaTeX Font Info:    External font `lmex10' loaded for size
(Font)              <12> on input line 10.
LaTeX Font Info:    External font `lmex10' loaded for size
(Font)              <8> on input line 10.
LaTeX Font Info:    External font `lmex10' loaded for size
(Font)              <6> on input line 10.
LaTeX Font Info:    Trying to load font information for U+msa on input line 10.


(C:\Program Files\MiKTeX\tex/latex/amsfonts\umsa.fd
File: umsa.fd 2013/01/14 v3.01 AMS symbols A
)
LaTeX Font Info:    Trying to load font information for U+msb on input line 10.


(C:\Program Files\MiKTeX\tex/latex/amsfonts\umsb.fd
File: umsb.fd 2013/01/14 v3.01 AMS symbols B
)
<Figuras/EPI.jpg, id=388, 755.9442pt x 840.2592pt>
File: Figuras/EPI.jpg Graphic file (type jpg)
<use Figuras/EPI.jpg>
Package pdftex.def Info: Figuras/EPI.jpg  used on input line 14.
(pdftex.def)             Requested size: 63.98334pt x 71.13188pt.

Overfull \hbox (147.48592pt too wide) in paragraph at lines 7--16
[]$[]$   $[]$ 
 []

LaTeX Font Info:    Trying to load font information for TS1+lmss on input line 
31.
(C:\Program Files\MiKTeX\tex/latex/lm\ts1lmss.fd
File: ts1lmss.fd 2015/05/01 v1.6.1 Font defs for Latin Modern
)) [1


{C:/Users/Usuario/AppData/Local/MiKTeX/fonts/map/pdftex/pdftex.map}{C:/Program 
Files/MiKTeX/fonts/enc/dvips/lm/lm-rm.enc}{C:/Program Files/MiKTeX/fonts/enc/dv
ips/lm/lm-ts1.enc} <./Figuras/UNIOVI-eps-converted-to.pdf> <./Figuras/EPI.jpg>]
 (PlantillaTFG.toc
LaTeX Info: Redefining \. on input line 1.
LaTeX Info: Redefining \% on input line 1.


LaTeX Font Warning: Font shape `OT1/lmss/m/sc' in size <12> not available
(Font)              Font shape `OT1/lmr/m/sc' tried instead on input line 26.

[2




{C:/Program Files/MiKTeX/fonts/enc/dvips/lm/lm-rmsc.enc}] [3] [4])
\tf@toc=\write4
\openout4 = `PlantillaTFG.toc'.

 [5]
(PlantillaTFG.lof
LaTeX Info: Redefining \. on input line 1.
LaTeX Info: Redefining \% on input line 1.
)
\tf@lof=\write5
\openout5 = `PlantillaTFG.lof'.

 [6

] (PlantillaTFG.lot
LaTeX Info: Redefining \. on input line 1.
LaTeX Info: Redefining \% on input line 1.
)
\tf@lot=\write6
\openout6 = `PlantillaTFG.lot'.

 [7

] (Texto/Introduccion/Intro.tex
Capítulo 1.
File: Figuras/EPI.jpg Graphic file (type jpg)
<use Figuras/EPI.jpg>
Package pdftex.def Info: Figuras/EPI.jpg  used on input line 15.
(pdftex.def)             Requested size: 51.19128pt x 56.9055pt.
<Figuras/marca_agua.png, id=564, 273.02pt x 259.97125pt>
File: Figuras/marca_agua.png Graphic file (type png)
<use Figuras/marca_agua.png>
Package pdftex.def Info: Figuras/marca_agua.png  used on input line 15.
(pdftex.def)             Requested size: 142.26378pt x 135.4635pt.
[1

 <./Figuras/marca_agua.png (PNG copy)>]
File: Figuras/EPI.jpg Graphic file (type jpg)
<use Figuras/EPI.jpg>
Package pdftex.def Info: Figuras/EPI.jpg  used on input line 40.
(pdftex.def)             Requested size: 51.19128pt x 56.9055pt.
File: Figuras/marca_agua.png Graphic file (type png)
<use Figuras/marca_agua.png>
Package pdftex.def Info: Figuras/marca_agua.png  used on input line 40.
(pdftex.def)             Requested size: 142.26378pt x 135.4635pt.
 [2]) (Texto/EstadoArte/EstadoArte.tex
File: Figuras/EPI.jpg Graphic file (type jpg)
<use Figuras/EPI.jpg>
Package pdftex.def Info: Figuras/EPI.jpg  used on input line 1.
(pdftex.def)             Requested size: 51.19128pt x 56.9055pt.
File: Figuras/marca_agua.png Graphic file (type png)
<use Figuras/marca_agua.png>
Package pdftex.def Info: Figuras/marca_agua.png  used on input line 1.
(pdftex.def)             Requested size: 142.26378pt x 135.4635pt.
[3]
Capítulo 2.
File: Figuras/EPI.jpg Graphic file (type jpg)
<use Figuras/EPI.jpg>
Package pdftex.def Info: Figuras/EPI.jpg  used on input line 32.
(pdftex.def)             Requested size: 51.19128pt x 56.9055pt.
File: Figuras/marca_agua.png Graphic file (type png)
<use Figuras/marca_agua.png>
Package pdftex.def Info: Figuras/marca_agua.png  used on input line 32.
(pdftex.def)             Requested size: 142.26378pt x 135.4635pt.
[4

]
File: Figuras/EPI.jpg Graphic file (type jpg)
<use Figuras/EPI.jpg>
Package pdftex.def Info: Figuras/EPI.jpg  used on input line 57.
(pdftex.def)             Requested size: 51.19128pt x 56.9055pt.
File: Figuras/marca_agua.png Graphic file (type png)
<use Figuras/marca_agua.png>
Package pdftex.def Info: Figuras/marca_agua.png  used on input line 57.
(pdftex.def)             Requested size: 142.26378pt x 135.4635pt.
 [5]) (Texto/Analisis/Analisis.tex
File: Figuras/EPI.jpg Graphic file (type jpg)
<use Figuras/EPI.jpg>
Package pdftex.def Info: Figuras/EPI.jpg  used on input line 1.
(pdftex.def)             Requested size: 51.19128pt x 56.9055pt.
File: Figuras/marca_agua.png Graphic file (type png)
<use Figuras/marca_agua.png>
Package pdftex.def Info: Figuras/marca_agua.png  used on input line 1.
(pdftex.def)             Requested size: 142.26378pt x 135.4635pt.
 [6]
Capítulo 3.
File: Figuras/EPI.jpg Graphic file (type jpg)
<use Figuras/EPI.jpg>
Package pdftex.def Info: Figuras/EPI.jpg  used on input line 32.
(pdftex.def)             Requested size: 51.19128pt x 56.9055pt.
File: Figuras/marca_agua.png Graphic file (type png)
<use Figuras/marca_agua.png>
Package pdftex.def Info: Figuras/marca_agua.png  used on input line 32.
(pdftex.def)             Requested size: 142.26378pt x 135.4635pt.
[7

]
File: Figuras/EPI.jpg Graphic file (type jpg)
<use Figuras/EPI.jpg>
Package pdftex.def Info: Figuras/EPI.jpg  used on input line 57.
(pdftex.def)             Requested size: 51.19128pt x 56.9055pt.
File: Figuras/marca_agua.png Graphic file (type png)
<use Figuras/marca_agua.png>
Package pdftex.def Info: Figuras/marca_agua.png  used on input line 57.
(pdftex.def)             Requested size: 142.26378pt x 135.4635pt.
 [8]) (Texto/Arquitectura/Arquitectura.tex
File: Figuras/EPI.jpg Graphic file (type jpg)
<use Figuras/EPI.jpg>
Package pdftex.def Info: Figuras/EPI.jpg  used on input line 1.
(pdftex.def)             Requested size: 51.19128pt x 56.9055pt.
File: Figuras/marca_agua.png Graphic file (type png)
<use Figuras/marca_agua.png>
Package pdftex.def Info: Figuras/marca_agua.png  used on input line 1.
(pdftex.def)             Requested size: 142.26378pt x 135.4635pt.
 [9]
Capítulo 4.
File: Figuras/EPI.jpg Graphic file (type jpg)
<use Figuras/EPI.jpg>
Package pdftex.def Info: Figuras/EPI.jpg  used on input line 25.
(pdftex.def)             Requested size: 51.19128pt x 56.9055pt.
File: Figuras/marca_agua.png Graphic file (type png)
<use Figuras/marca_agua.png>
Package pdftex.def Info: Figuras/marca_agua.png  used on input line 25.
(pdftex.def)             Requested size: 142.26378pt x 135.4635pt.
[10

]
LaTeX Font Info:    Trying to load font information for OT1+lmtt on input line 
25.
 (C:\Program Files\MiKTeX\tex/latex/lm\ot1lmtt.fd
File: ot1lmtt.fd 2015/05/01 v1.6.1 Font defs for Latin Modern
)
File: Figuras/EPI.jpg Graphic file (type jpg)
<use Figuras/EPI.jpg>
Package pdftex.def Info: Figuras/EPI.jpg  used on input line 45.
(pdftex.def)             Requested size: 51.19128pt x 56.9055pt.
File: Figuras/marca_agua.png Graphic file (type png)
<use Figuras/marca_agua.png>
Package pdftex.def Info: Figuras/marca_agua.png  used on input line 45.
(pdftex.def)             Requested size: 142.26378pt x 135.4635pt.
 [11{C:/Program Files/MiKTeX/fonts/enc/dvips/lm/lm-rmtt.enc}]
File: Figuras/EPI.jpg Graphic file (type jpg)
<use Figuras/EPI.jpg>
Package pdftex.def Info: Figuras/EPI.jpg  used on input line 74.
(pdftex.def)             Requested size: 51.19128pt x 56.9055pt.
File: Figuras/marca_agua.png Graphic file (type png)
<use Figuras/marca_agua.png>
Package pdftex.def Info: Figuras/marca_agua.png  used on input line 74.
(pdftex.def)             Requested size: 142.26378pt x 135.4635pt.
 [12]
LaTeX Font Info:    Font shape `OT1/lmss/m/it' in size <12> not available
(Font)              Font shape `OT1/lmss/m/sl' tried instead on input line 88.
File: Figuras/EPI.jpg Graphic file (type jpg)
<use Figuras/EPI.jpg>
Package pdftex.def Info: Figuras/EPI.jpg  used on input line 94.
(pdftex.def)             Requested size: 51.19128pt x 56.9055pt.
File: Figuras/marca_agua.png Graphic file (type png)
<use Figuras/marca_agua.png>
Package pdftex.def Info: Figuras/marca_agua.png  used on input line 94.
(pdftex.def)             Requested size: 142.26378pt x 135.4635pt.
 [13]
File: Figuras/EPI.jpg Graphic file (type jpg)
<use Figuras/EPI.jpg>
Package pdftex.def Info: Figuras/EPI.jpg  used on input line 110.
(pdftex.def)             Requested size: 51.19128pt x 56.9055pt.
File: Figuras/marca_agua.png Graphic file (type png)
<use Figuras/marca_agua.png>
Package pdftex.def Info: Figuras/marca_agua.png  used on input line 110.
(pdftex.def)             Requested size: 142.26378pt x 135.4635pt.
 [14]
File: Figuras/EPI.jpg Graphic file (type jpg)
<use Figuras/EPI.jpg>
Package pdftex.def Info: Figuras/EPI.jpg  used on input line 143.
(pdftex.def)             Requested size: 51.19128pt x 56.9055pt.
File: Figuras/marca_agua.png Graphic file (type png)
<use Figuras/marca_agua.png>
Package pdftex.def Info: Figuras/marca_agua.png  used on input line 143.
(pdftex.def)             Requested size: 142.26378pt x 135.4635pt.
 [15])
(Texto/Infraestructura/Infraestructura.tex
File: Figuras/EPI.jpg Graphic file (type jpg)
<use Figuras/EPI.jpg>
Package pdftex.def Info: Figuras/EPI.jpg  used on input line 1.
(pdftex.def)             Requested size: 51.19128pt x 56.9055pt.
File: Figuras/marca_agua.png Graphic file (type png)
<use Figuras/marca_agua.png>
Package pdftex.def Info: Figuras/marca_agua.png  used on input line 1.
(pdftex.def)             Requested size: 142.26378pt x 135.4635pt.
 [16]
Capítulo 5.
File: Figuras/EPI.jpg Graphic file (type jpg)
<use Figuras/EPI.jpg>
Package pdftex.def Info: Figuras/EPI.jpg  used on input line 29.
(pdftex.def)             Requested size: 51.19128pt x 56.9055pt.
File: Figuras/marca_agua.png Graphic file (type png)
<use Figuras/marca_agua.png>
Package pdftex.def Info: Figuras/marca_agua.png  used on input line 29.
(pdftex.def)             Requested size: 142.26378pt x 135.4635pt.
[17

]
File: Figuras/EPI.jpg Graphic file (type jpg)
<use Figuras/EPI.jpg>
Package pdftex.def Info: Figuras/EPI.jpg  used on input line 54.
(pdftex.def)             Requested size: 51.19128pt x 56.9055pt.
File: Figuras/marca_agua.png Graphic file (type png)
<use Figuras/marca_agua.png>
Package pdftex.def Info: Figuras/marca_agua.png  used on input line 54.
(pdftex.def)             Requested size: 142.26378pt x 135.4635pt.
 [18]
File: Figuras/EPI.jpg Graphic file (type jpg)
<use Figuras/EPI.jpg>
Package pdftex.def Info: Figuras/EPI.jpg  used on input line 79.
(pdftex.def)             Requested size: 51.19128pt x 56.9055pt.
File: Figuras/marca_agua.png Graphic file (type png)
<use Figuras/marca_agua.png>
Package pdftex.def Info: Figuras/marca_agua.png  used on input line 79.
(pdftex.def)             Requested size: 142.26378pt x 135.4635pt.
 [19]
File: Figuras/EPI.jpg Graphic file (type jpg)
<use Figuras/EPI.jpg>
Package pdftex.def Info: Figuras/EPI.jpg  used on input line 102.
(pdftex.def)             Requested size: 51.19128pt x 56.9055pt.
File: Figuras/marca_agua.png Graphic file (type png)
<use Figuras/marca_agua.png>
Package pdftex.def Info: Figuras/marca_agua.png  used on input line 102.
(pdftex.def)             Requested size: 142.26378pt x 135.4635pt.
 [20]) (Texto/Implementacion/Implementacion.tex
File: Figuras/EPI.jpg Graphic file (type jpg)
<use Figuras/EPI.jpg>
Package pdftex.def Info: Figuras/EPI.jpg  used on input line 1.
(pdftex.def)             Requested size: 51.19128pt x 56.9055pt.
File: Figuras/marca_agua.png Graphic file (type png)
<use Figuras/marca_agua.png>
Package pdftex.def Info: Figuras/marca_agua.png  used on input line 1.
(pdftex.def)             Requested size: 142.26378pt x 135.4635pt.
 [21]
Capítulo 6.
File: Figuras/EPI.jpg Graphic file (type jpg)
<use Figuras/EPI.jpg>
Package pdftex.def Info: Figuras/EPI.jpg  used on input line 20.
(pdftex.def)             Requested size: 51.19128pt x 56.9055pt.
File: Figuras/marca_agua.png Graphic file (type png)
<use Figuras/marca_agua.png>
Package pdftex.def Info: Figuras/marca_agua.png  used on input line 20.
(pdftex.def)             Requested size: 142.26378pt x 135.4635pt.
[22

]
File: Figuras/EPI.jpg Graphic file (type jpg)
<use Figuras/EPI.jpg>
Package pdftex.def Info: Figuras/EPI.jpg  used on input line 42.
(pdftex.def)             Requested size: 51.19128pt x 56.9055pt.
File: Figuras/marca_agua.png Graphic file (type png)
<use Figuras/marca_agua.png>
Package pdftex.def Info: Figuras/marca_agua.png  used on input line 42.
(pdftex.def)             Requested size: 142.26378pt x 135.4635pt.
 [23]
File: Figuras/EPI.jpg Graphic file (type jpg)
<use Figuras/EPI.jpg>
Package pdftex.def Info: Figuras/EPI.jpg  used on input line 60.
(pdftex.def)             Requested size: 51.19128pt x 56.9055pt.
File: Figuras/marca_agua.png Graphic file (type png)
<use Figuras/marca_agua.png>
Package pdftex.def Info: Figuras/marca_agua.png  used on input line 60.
(pdftex.def)             Requested size: 142.26378pt x 135.4635pt.
 [24]
File: Figuras/EPI.jpg Graphic file (type jpg)
<use Figuras/EPI.jpg>
Package pdftex.def Info: Figuras/EPI.jpg  used on input line 84.
(pdftex.def)             Requested size: 51.19128pt x 56.9055pt.
File: Figuras/marca_agua.png Graphic file (type png)
<use Figuras/marca_agua.png>
Package pdftex.def Info: Figuras/marca_agua.png  used on input line 84.
(pdftex.def)             Requested size: 142.26378pt x 135.4635pt.
 [25]
File: Figuras/EPI.jpg Graphic file (type jpg)
<use Figuras/EPI.jpg>
Package pdftex.def Info: Figuras/EPI.jpg  used on input line 101.
(pdftex.def)             Requested size: 51.19128pt x 56.9055pt.
File: Figuras/marca_agua.png Graphic file (type png)
<use Figuras/marca_agua.png>
Package pdftex.def Info: Figuras/marca_agua.png  used on input line 101.
(pdftex.def)             Requested size: 142.26378pt x 135.4635pt.
 [26{C:/Program Files/MiKTeX/fonts/enc/dvips/lm/lm-mathsy.enc}]
File: Figuras/EPI.jpg Graphic file (type jpg)
<use Figuras/EPI.jpg>
Package pdftex.def Info: Figuras/EPI.jpg  used on input line 122.
(pdftex.def)             Requested size: 51.19128pt x 56.9055pt.
File: Figuras/marca_agua.png Graphic file (type png)
<use Figuras/marca_agua.png>
Package pdftex.def Info: Figuras/marca_agua.png  used on input line 122.
(pdftex.def)             Requested size: 142.26378pt x 135.4635pt.
 [27]
File: Figuras/EPI.jpg Graphic file (type jpg)
<use Figuras/EPI.jpg>
Package pdftex.def Info: Figuras/EPI.jpg  used on input line 149.
(pdftex.def)             Requested size: 51.19128pt x 56.9055pt.
File: Figuras/marca_agua.png Graphic file (type png)
<use Figuras/marca_agua.png>
Package pdftex.def Info: Figuras/marca_agua.png  used on input line 149.
(pdftex.def)             Requested size: 142.26378pt x 135.4635pt.
 [28]
File: Figuras/EPI.jpg Graphic file (type jpg)
<use Figuras/EPI.jpg>
Package pdftex.def Info: Figuras/EPI.jpg  used on input line 175.
(pdftex.def)             Requested size: 51.19128pt x 56.9055pt.
File: Figuras/marca_agua.png Graphic file (type png)
<use Figuras/marca_agua.png>
Package pdftex.def Info: Figuras/marca_agua.png  used on input line 175.
(pdftex.def)             Requested size: 142.26378pt x 135.4635pt.
 [29]
File: Figuras/EPI.jpg Graphic file (type jpg)
<use Figuras/EPI.jpg>
Package pdftex.def Info: Figuras/EPI.jpg  used on input line 196.
(pdftex.def)             Requested size: 51.19128pt x 56.9055pt.
File: Figuras/marca_agua.png Graphic file (type png)
<use Figuras/marca_agua.png>
Package pdftex.def Info: Figuras/marca_agua.png  used on input line 196.
(pdftex.def)             Requested size: 142.26378pt x 135.4635pt.
 [30]) (Texto/Pruebas/Pruebas.tex
File: Figuras/EPI.jpg Graphic file (type jpg)
<use Figuras/EPI.jpg>
Package pdftex.def Info: Figuras/EPI.jpg  used on input line 1.
(pdftex.def)             Requested size: 51.19128pt x 56.9055pt.
File: Figuras/marca_agua.png Graphic file (type png)
<use Figuras/marca_agua.png>
Package pdftex.def Info: Figuras/marca_agua.png  used on input line 1.
(pdftex.def)             Requested size: 142.26378pt x 135.4635pt.
 [31]
Capítulo 7.
File: Figuras/EPI.jpg Graphic file (type jpg)
<use Figuras/EPI.jpg>
Package pdftex.def Info: Figuras/EPI.jpg  used on input line 30.
(pdftex.def)             Requested size: 51.19128pt x 56.9055pt.
File: Figuras/marca_agua.png Graphic file (type png)
<use Figuras/marca_agua.png>
Package pdftex.def Info: Figuras/marca_agua.png  used on input line 30.
(pdftex.def)             Requested size: 142.26378pt x 135.4635pt.
[32

]) (Texto/Planificacion/Plani.tex
File: Figuras/EPI.jpg Graphic file (type jpg)
<use Figuras/EPI.jpg>
Package pdftex.def Info: Figuras/EPI.jpg  used on input line 1.
(pdftex.def)             Requested size: 51.19128pt x 56.9055pt.
File: Figuras/marca_agua.png Graphic file (type png)
<use Figuras/marca_agua.png>
Package pdftex.def Info: Figuras/marca_agua.png  used on input line 1.
(pdftex.def)             Requested size: 142.26378pt x 135.4635pt.
 [33]
Capítulo 8.
) (Texto/Conclusiones/Conclusiones.tex
File: Figuras/EPI.jpg Graphic file (type jpg)
<use Figuras/EPI.jpg>
Package pdftex.def Info: Figuras/EPI.jpg  used on input line 1.
(pdftex.def)             Requested size: 51.19128pt x 56.9055pt.
File: Figuras/marca_agua.png Graphic file (type png)
<use Figuras/marca_agua.png>
Package pdftex.def Info: Figuras/marca_agua.png  used on input line 1.
(pdftex.def)             Requested size: 142.26378pt x 135.4635pt.
 [34

]
Capítulo 9.
)
File: Figuras/EPI.jpg Graphic file (type jpg)
<use Figuras/EPI.jpg>
Package pdftex.def Info: Figuras/EPI.jpg  used on input line 331.
(pdftex.def)             Requested size: 51.19128pt x 56.9055pt.
File: Figuras/marca_agua.png Graphic file (type png)
<use Figuras/marca_agua.png>
Package pdftex.def Info: Figuras/marca_agua.png  used on input line 331.
(pdftex.def)             Requested size: 142.26378pt x 135.4635pt.
 [35

]
File: Figuras/EPI.jpg Graphic file (type jpg)
<use Figuras/EPI.jpg>
Package pdftex.def Info: Figuras/EPI.jpg  used on input line 331.
(pdftex.def)             Requested size: 51.19128pt x 56.9055pt.
File: Figuras/marca_agua.png Graphic file (type png)
<use Figuras/marca_agua.png>
Package pdftex.def Info: Figuras/marca_agua.png  used on input line 331.
(pdftex.def)             Requested size: 142.26378pt x 135.4635pt.
 [36

]
Capítulo 10.
File: Figuras/EPI.jpg Graphic file (type jpg)
<use Figuras/EPI.jpg>
Package pdftex.def Info: Figuras/EPI.jpg  used on input line 336.
(pdftex.def)             Requested size: 51.19128pt x 56.9055pt.
File: Figuras/marca_agua.png Graphic file (type png)
<use Figuras/marca_agua.png>
Package pdftex.def Info: Figuras/marca_agua.png  used on input line 336.
(pdftex.def)             Requested size: 142.26378pt x 135.4635pt.
[37

]
File: Figuras/marca_agua.png Graphic file (type png)
<use Figuras/marca_agua.png>
Package pdftex.def Info: Figuras/marca_agua.png  used on input line 348.
(pdftex.def)             Requested size: 142.26378pt x 135.4635pt.
 [38

] 
enddocument/afterlastpage (AED): lastpage setting LastPage.
(PlantillaTFG.aux (titlepage.aux)
LaTeX Info: Redefining \. on input line 12.
LaTeX Info: Redefining \% on input line 12.
)
 ***********
LaTeX2e <2025-11-01>
L3 programming layer <2025-12-24>
 ***********
Package rerunfilecheck Info: File `PlantillaTFG.out' has not changed.
(rerunfilecheck)             Checksum: 78888C59BADAF89430A88A4B5CEDE906;26457.
 ) 
Here is how much of TeX's memory you used:
 18523 strings out of 467871
 297988 string characters out of 5428437
 909177 words of memory out of 5000000
 46874 multiletter control sequences out of 15000+600000
 685081 words of font info for 77 fonts, out of 8000000 for 9000
 1142 hyphenation exceptions out of 8191
 75i,18n,83p,901b,812s stack positions out of 10000i,1000n,20000p,200000b,200000s
<C:/Program Files/MiKTeX/fonts/type1/public/lm/lmcsc10.pfb><C:/Program Files/
MiKTeX/fonts/type1/public/lm/lmss12.pfb><C:/Program Files/MiKTeX/fonts/type1/pu
blic/lm/lmssbx10.pfb><C:/Program Files/MiKTeX/fonts/type1/public/lm/lmsso12.pfb
><C:/Program Files/MiKTeX/fonts/type1/public/lm/lmsy10.pfb><C:/Program Files/Mi
KTeX/fonts/type1/public/lm/lmtt12.pfb>
Output written on PlantillaTFG.pdf (45 pages, 4409749 bytes).
PDF statistics:
 857 PDF objects out of 1000 (max. 8388607)
 174 named destinations out of 1000 (max. 500000)
 784 words of extra memory for PDF output out of 10000 (max. 10000000)

